#
# There is insufficient memory for the Java Runtime Environment to continue.
# Native memory allocation (malloc) failed to allocate 157776 bytes for Chunk::new
# Possible reasons:
#   The system is out of physical RAM or swap space
#   In 32 bit mode, the process size limit was hit
# Possible solutions:
#   Reduce memory load on the system
#   Increase physical memory or swap space
#   Check if swap backing store is full
#   Use 64 bit Java on a 64 bit OS
#   Decrease Java heap size (-Xmx/-Xms)
#   Decrease number of Java threads
#   Decrease Java thread stack sizes (-Xss)
#   Set larger code cache with -XX:ReservedCodeCacheSize=
# This output file may be truncated or incomplete.
#
#  Out of Memory Error (allocation.cpp:390), pid=13636, tid=10136
#
# JRE version: Java(TM) SE Runtime Environment (8.0_25-b18) (build 1.8.0_25-b18)
# Java VM: Java HotSpot(TM) 64-Bit Server VM (25.25-b02 mixed mode windows-amd64 compressed oops)
# Failed to write core dump. Minidumps are not enabled by default on client versions of Windows
#

---------------  T H R E A D  ---------------

Current thread (0x00000000156fd800):  JavaThread "C2 CompilerThread0" daemon [_thread_in_native, id=10136, stack(0x0000000016c60000,0x0000000016d60000)]

Stack: [0x0000000016c60000,0x0000000016d60000]
Native frames: (J=compiled Java code, j=interpreted, Vv=VM code, C=native code)
V  [jvm.dll+0x31667a]
V  [jvm.dll+0x267073]
V  [jvm.dll+0x267cb3]
V  [jvm.dll+0x25f5b5]
V  [jvm.dll+0xbf165]
V  [jvm.dll+0xbf60c]
V  [jvm.dll+0x45d672]
V  [jvm.dll+0x49e8ef]
V  [jvm.dll+0x452275]
V  [jvm.dll+0x453864]
V  [jvm.dll+0x437372]
V  [jvm.dll+0x98a02]
V  [jvm.dll+0x991f3]
V  [jvm.dll+0x22bde4]
V  [jvm.dll+0x2852fa]
C  [msvcr100.dll+0x21d9f]
C  [msvcr100.dll+0x21e3b]
C  [KERNEL32.DLL+0x18102]
C  [ntdll.dll+0x5c5b4]


Current CompileTask:
C2:   3251  907       4       com.android.dx.ssa.RegisterMapper::map (63 bytes)


---------------  P R O C E S S  ---------------

Java Threads: ( => current thread )
  0x00000000172a4000 JavaThread "pool-2-thread-1" [_thread_blocked, id=7448, stack(0x0000000017660000,0x0000000017760000)]
  0x00000000172a1000 JavaThread "pool-1-thread-1" [_thread_in_Java, id=12540, stack(0x0000000017560000,0x0000000017660000)]
  0x000000001575c800 JavaThread "Service Thread" daemon [_thread_blocked, id=13392, stack(0x0000000016f60000,0x0000000017060000)]
  0x0000000015750800 JavaThread "C1 CompilerThread2" daemon [_thread_blocked, id=5384, stack(0x0000000016e60000,0x0000000016f60000)]
  0x0000000015700000 JavaThread "C2 CompilerThread1" daemon [_thread_blocked, id=6700, stack(0x0000000016d60000,0x0000000016e60000)]
=>0x00000000156fd800 JavaThread "C2 CompilerThread0" daemon [_thread_in_native, id=10136, stack(0x0000000016c60000,0x0000000016d60000)]
  0x00000000156fb800 JavaThread "Attach Listener" daemon [_thread_blocked, id=13940, stack(0x0000000016b60000,0x0000000016c60000)]
  0x00000000156fa800 JavaThread "Signal Dispatcher" daemon [_thread_blocked, id=10276, stack(0x0000000016a60000,0x0000000016b60000)]
  0x000000000301f000 JavaThread "Finalizer" daemon [_thread_blocked, id=6892, stack(0x0000000016960000,0x0000000016a60000)]
  0x000000000301c000 JavaThread "Reference Handler" daemon [_thread_blocked, id=13860, stack(0x0000000016860000,0x0000000016960000)]
  0x0000000002ccd800 JavaThread "main" [_thread_blocked, id=6520, stack(0x0000000002e30000,0x0000000002f30000)]

Other Threads:
  0x00000000156c6000 VMThread [stack: 0x0000000016760000,0x0000000016860000] [id=11296]
  0x0000000017060800 WatcherThread [stack: 0x0000000017460000,0x0000000017560000] [id=5656]

VM state:not at safepoint (normal execution)

VM Mutex/Monitor currently owned by a thread: None

Heap:
 PSYoungGen      total 28672K, used 16242K [0x00000000eab00000, 0x00000000ecb00000, 0x0000000100000000)
  eden space 24576K, 66% used [0x00000000eab00000,0x00000000ebadc8f0,0x00000000ec300000)
  from space 4096K, 0% used [0x00000000ec700000,0x00000000ec700000,0x00000000ecb00000)
  to   space 4096K, 0% used [0x00000000ec300000,0x00000000ec300000,0x00000000ec700000)
 ParOldGen       total 65536K, used 0K [0x00000000c0000000, 0x00000000c4000000, 0x00000000eab00000)
  object space 65536K, 0% used [0x00000000c0000000,0x00000000c0000000,0x00000000c4000000)
 Metaspace       used 5756K, capacity 6832K, committed 7040K, reserved 1056768K
  class space    used 590K, capacity 616K, committed 640K, reserved 1048576K

Card table byte_map: [0x00000000123f0000,0x0000000012600000] byte_map_base: 0x0000000011df0000

Marking Bits: (ParMarkBitMap*) 0x0000000073f2d490
 Begin Bits: [0x0000000012b60000, 0x0000000013b60000)
 End Bits:   [0x0000000013b60000, 0x0000000014b60000)

Polling page: 0x0000000001390000

CodeCache: size=245760Kb used=3783Kb max_used=3783Kb free=241976Kb
 bounds [0x0000000003030000, 0x00000000033f0000, 0x0000000012030000]
 total_blobs=1188 nmethods=924 adapters=178
 compilation: enabled

Compilation events (10 events):
Event: 3.229 Thread 0x0000000015750800  913       3       com.android.dx.cf.code.Ropper::getSpecialLabel (20 bytes)
Event: 3.229 Thread 0x0000000015750800 nmethod 913 0x00000000033d7dd0 code [0x00000000033d7f40, 0x00000000033d8310]
Event: 3.229 Thread 0x0000000015750800  914       3       com.android.dx.ssa.SsaMethod::forEachBlockDepthFirst (194 bytes)
Event: 3.230 Thread 0x00000000156fd800 nmethod 905 0x00000000033d8490 code [0x00000000033d8620, 0x00000000033d8dd8]
Event: 3.230 Thread 0x00000000156fd800  907       4       com.android.dx.ssa.RegisterMapper::map (63 bytes)
Event: 3.233 Thread 0x0000000015750800 nmethod 914 0x00000000033d9850 code [0x00000000033d9ce0, 0x00000000033dd0c8]
Event: 3.233 Thread 0x0000000015750800  916       3       com.android.dx.ssa.SsaMethod::mapRegisters (87 bytes)
Event: 3.234 Thread 0x0000000015700000 nmethod 906 0x00000000033df010 code [0x00000000033df180, 0x00000000033df838]
Event: 3.235 Thread 0x0000000015750800 nmethod 916 0x00000000033d6210 code [0x00000000033d6480, 0x00000000033d75e8]
Event: 3.235 Thread 0x0000000015750800  915       3       java.util.TreeMap::fixAfterInsertion (267 bytes)

GC Heap History (0 events):
No events

Deoptimization events (2 events):
Event: 2.600 Thread 0x00000000172a1000 Uncommon trap: reason=class_check action=maybe_recompile pc=0x00000000033338d0 method=com.android.dx.ssa.NormalSsaInsn.accept(Lcom/android/dx/ssa/SsaInsn$Visitor;)V @ 9
Event: 2.600 Thread 0x00000000172a1000 Uncommon trap: reason=class_check action=maybe_recompile pc=0x00000000033338d0 method=com.android.dx.ssa.NormalSsaInsn.accept(Lcom/android/dx/ssa/SsaInsn$Visitor;)V @ 9

Internal exceptions (10 events):
Event: 1.101 Thread 0x00000000172a7800 Exception <a 'java/security/PrivilegedActionException'> (0x00000000eb376970) thrown at [D:\re\workspace\8-2-build-windows-amd64-cygwin\jdk8u25\1677\hotspot\src\share\vm\prims\jvm.cpp, line 1312]
Event: 1.102 Thread 0x00000000172a7800 Exception <a 'java/security/PrivilegedActionException'> (0x00000000eb37aff8) thrown at [D:\re\workspace\8-2-build-windows-amd64-cygwin\jdk8u25\1677\hotspot\src\share\vm\prims\jvm.cpp, line 1312]
Event: 1.103 Thread 0x00000000172a7800 Exception <a 'java/security/PrivilegedActionException'> (0x00000000eb3809d0) thrown at [D:\re\workspace\8-2-build-windows-amd64-cygwin\jdk8u25\1677\hotspot\src\share\vm\prims\jvm.cpp, line 1312]
Event: 1.105 Thread 0x00000000172a7800 Exception <a 'java/security/PrivilegedActionException'> (0x00000000eb389660) thrown at [D:\re\workspace\8-2-build-windows-amd64-cygwin\jdk8u25\1677\hotspot\src\share\vm\prims\jvm.cpp, line 1312]
Event: 1.107 Thread 0x00000000172a7800 Exception <a 'java/security/PrivilegedActionException'> (0x00000000eb38ea10) thrown at [D:\re\workspace\8-2-build-windows-amd64-cygwin\jdk8u25\1677\hotspot\src\share\vm\prims\jvm.cpp, line 1312]
Event: 1.129 Thread 0x00000000172a1000 Exception <a 'java/security/PrivilegedActionException'> (0x00000000eb5358f8) thrown at [D:\re\workspace\8-2-build-windows-amd64-cygwin\jdk8u25\1677\hotspot\src\share\vm\prims\jvm.cpp, line 1312]
Event: 1.130 Thread 0x00000000172a1000 Exception <a 'java/security/PrivilegedActionException'> (0x00000000eb53b308) thrown at [D:\re\workspace\8-2-build-windows-amd64-cygwin\jdk8u25\1677\hotspot\src\share\vm\prims\jvm.cpp, line 1312]
Event: 1.131 Thread 0x00000000172a1000 Exception <a 'java/security/PrivilegedActionException'> (0x00000000eb540ac0) thrown at [D:\re\workspace\8-2-build-windows-amd64-cygwin\jdk8u25\1677\hotspot\src\share\vm\prims\jvm.cpp, line 1312]
Event: 1.149 Thread 0x00000000172a1000 Exception <a 'java/security/PrivilegedActionException'> (0x00000000eb57e400) thrown at [D:\re\workspace\8-2-build-windows-amd64-cygwin\jdk8u25\1677\hotspot\src\share\vm\prims\jvm.cpp, line 1312]
Event: 1.191 Thread 0x00000000172a1000 Exception <a 'java/security/PrivilegedActionException'> (0x00000000eb6e0ba0) thrown at [D:\re\workspace\8-2-build-windows-amd64-cygwin\jdk8u25\1677\hotspot\src\share\vm\prims\jvm.cpp, line 1312]

Events (10 events):
Event: 1.191 loading class com/android/dx/dex/file/MethodAnnotationStruct
Event: 1.191 loading class com/android/dx/dex/file/MethodAnnotationStruct done
Event: 1.752 loading class java/util/ArrayList$1
Event: 1.752 loading class java/util/ArrayList$1 done
Event: 2.600 Thread 0x00000000172a1000 Uncommon trap: trap_request=0xffffffde fr.pc=0x00000000033338d0
Event: 2.600 Thread 0x00000000172a1000 DEOPT PACKING pc=0x00000000033338d0 sp=0x000000001765ed10
Event: 2.600 Thread 0x00000000172a1000 DEOPT UNPACKING pc=0x000000000307556a sp=0x000000001765ecc0 mode 2
Event: 2.600 Thread 0x00000000172a1000 Uncommon trap: trap_request=0xffffffde fr.pc=0x00000000033338d0
Event: 2.600 Thread 0x00000000172a1000 DEOPT PACKING pc=0x00000000033338d0 sp=0x000000001765ed10
Event: 2.600 Thread 0x00000000172a1000 DEOPT UNPACKING pc=0x000000000307556a sp=0x000000001765ecc0 mode 2


Dynamic libraries:
0x00007ff726340000 - 0x00007ff726374000 	C:\Program Files\Java\jdk1.8.0_25\bin\java.exe
0x00007ff8f7fc0000 - 0x00007ff8f8181000 	C:\WINDOWS\SYSTEM32\ntdll.dll
0x00007ff8f6f80000 - 0x00007ff8f702d000 	C:\WINDOWS\system32\KERNEL32.DLL
0x00007ff8f4720000 - 0x00007ff8f4908000 	C:\WINDOWS\system32\KERNELBASE.dll
0x00007ff8f6bf0000 - 0x00007ff8f6c97000 	C:\WINDOWS\system32\ADVAPI32.dll
0x00007ff8f53e0000 - 0x00007ff8f547d000 	C:\WINDOWS\system32\msvcrt.dll
0x00007ff8f5630000 - 0x00007ff8f568b000 	C:\WINDOWS\system32\sechost.dll
0x00007ff8f6ca0000 - 0x00007ff8f6dbc000 	C:\WINDOWS\system32\RPCRT4.dll
0x00007ff8f7030000 - 0x00007ff8f7186000 	C:\WINDOWS\system32\USER32.dll
0x00007ff8f7430000 - 0x00007ff8f75b6000 	C:\WINDOWS\system32\GDI32.dll
0x00007ff8eaa10000 - 0x00007ff8eac84000 	C:\WINDOWS\WinSxS\amd64_microsoft.windows.common-controls_6595b64144ccf1df_6.0.10586.494_none_a2d8b04ea53e3145\COMCTL32.dll
0x00007ff8f75c0000 - 0x00007ff8f783d000 	C:\WINDOWS\system32\combase.dll
0x00007ff8f4c70000 - 0x00007ff8f4cda000 	C:\WINDOWS\system32\bcryptPrimitives.dll
0x00007ff8f7190000 - 0x00007ff8f71cb000 	C:\WINDOWS\system32\IMM32.DLL
0x00000000732d0000 - 0x00000000733a2000 	C:\Program Files\Java\jdk1.8.0_25\jre\bin\msvcr100.dll
0x0000000073750000 - 0x0000000073faa000 	C:\Program Files\Java\jdk1.8.0_25\jre\bin\server\jvm.dll
0x00007ff8f78b0000 - 0x00007ff8f78b8000 	C:\WINDOWS\system32\PSAPI.DLL
0x00007ff8e7740000 - 0x00007ff8e7749000 	C:\WINDOWS\SYSTEM32\WSOCK32.dll
0x00007ff8f7360000 - 0x00007ff8f73cb000 	C:\WINDOWS\system32\WS2_32.dll
0x00007ff8f2c00000 - 0x00007ff8f2c23000 	C:\WINDOWS\SYSTEM32\WINMM.dll
0x00007ff8f2ba0000 - 0x00007ff8f2bcc000 	C:\WINDOWS\SYSTEM32\WINMMBASE.dll
0x00007ff8f4c00000 - 0x00007ff8f4c43000 	C:\WINDOWS\system32\cfgmgr32.dll
0x0000000073740000 - 0x000000007374f000 	C:\Program Files\Java\jdk1.8.0_25\jre\bin\verify.dll
0x0000000073710000 - 0x0000000073738000 	C:\Program Files\Java\jdk1.8.0_25\jre\bin\java.dll
0x00000000736f0000 - 0x0000000073706000 	C:\Program Files\Java\jdk1.8.0_25\jre\bin\zip.dll
0x00007ff8f5690000 - 0x00007ff8f6bec000 	C:\WINDOWS\system32\SHELL32.dll
0x00007ff8f4ce0000 - 0x00007ff8f5325000 	C:\WINDOWS\system32\windows.storage.dll
0x00007ff8f73d0000 - 0x00007ff8f7422000 	C:\WINDOWS\system32\shlwapi.dll
0x00007ff8f4610000 - 0x00007ff8f461f000 	C:\WINDOWS\system32\kernel.appcore.dll
0x00007ff8f4b40000 - 0x00007ff8f4bf5000 	C:\WINDOWS\system32\shcore.dll
0x00007ff8f4620000 - 0x00007ff8f466b000 	C:\WINDOWS\system32\powrprof.dll
0x00007ff8f45f0000 - 0x00007ff8f4604000 	C:\WINDOWS\system32\profapi.dll
0x00007ff8e79e0000 - 0x00007ff8e7b6c000 	C:\WINDOWS\SYSTEM32\dbghelp.dll

VM Arguments:
jvm_args: -Djava.awt.headless=true -Xmx1024M -Dfile.encoding=windows-1252 -Duser.country=GB -Duser.language=en -Duser.variant 
java_command: com.android.dx.command.Main --dex --num-threads=4 --output D:\done-inci\CampusConnect17Dec-inci\PreviewDemo\app\build\intermediates\pre-dexed\debug\com.android.support-animated-vector-drawable-23.4.0_facdaa30015bdfbdd58fff2f3df0b15070d1dbaa.jar D:\done-inci\CampusConnect17Dec-inci\PreviewDemo\app\build\intermediates\exploded-aar\com.android.support\animated-vector-drawable\23.4.0\jars\classes.jar
java_class_path (initial): C:\Users\RK\AppData\Local\Android\sdk\build-tools\23.0.2\lib\dx.jar
Launcher Type: SUN_STANDARD

Environment Variables:
PATH=C:\ProgramData\Oracle\Java\javapath;C:\Program Files (x86)\Intel\iCLS Client\;C:\Program Files\Intel\iCLS Client\;C:\Program Files (x86)\AMD APP\bin\x86_64;C:\Program Files (x86)\AMD APP\bin\x86;C:\WINDOWS\system32;C:\WINDOWS;C:\WINDOWS\System32\Wbem;C:\WINDOWS\System32\WindowsPowerShell\v1.0\;C:\Program Files (x86)\Windows Live\Shared;C:\Program Files (x86)\ATI Technologies\ATI.ACE\Core-Static;C:\Program Files\Intel\Intel(R) Management Engine Components\DAL;C:\Program Files\Intel\Intel(R) Management Engine Components\IPT;C:\Program Files (x86)\Intel\Intel(R) Management Engine Components\DAL;C:\Program Files (x86)\Intel\Intel(R) Management Engine Components\IPT;C:\Program Files\Intel\WiFi\bin\;C:\Program Files\Common Files\Intel\WirelessCommon\;C:\Program Files (x86)\Windows Kits\8.1\Windows Performance Toolkit\;C:\Program Files (x86)\Microsoft SDKs\TypeScript\1.0\;C:\Program Files (x86)\Brackets\command;C:\Program Files\MATLAB\R2013a\runtime\win64;C:\Program Files\MATLAB\R2013a\bin;C:\Program Files (x86)\Calibre2\;C:\Program Files (x86)\Git\bin;C:\Program Files (x86)\Git\cmd;C:\Program Files (x86)\Skype\Phone\;C:\Anaconda2;C:\Anaconda2\Scripts;C:\Anaconda2\Library\bin;C:\Program Files\Microsoft Windows Performance Toolkit\;C:\Users\RK\AppData\Local\atom\bin;C:\Python27;C:\Python27\python.exe;C:\Python27\Scripts\;C:\Python27\Lib\site-packages\django\bin
USERNAME=RK
OS=Windows_NT
PROCESSOR_IDENTIFIER=Intel64 Family 6 Model 58 Stepping 9, GenuineIntel



---------------  S Y S T E M  ---------------

OS: Windows 8.1 , 64 bit Build 9600 

CPU:total 4 (2 cores per cpu, 2 threads per core) family 6 model 58 stepping 9, cmov, cx8, fxsr, mmx, sse, sse2, sse3, ssse3, sse4.1, sse4.2, popcnt, avx, aes, clmul, erms, ht, tsc, tscinvbit, tscinv

Memory: 4k page, physical 6185244k(586428k free), swap 6185244k(3080k free)

vm_info: Java HotSpot(TM) 64-Bit Server VM (25.25-b02) for windows-amd64 JRE (1.8.0_25-b18), built on Oct  7 2014 14:25:37 by "java_re" with MS VC++ 10.0 (VS2010)

time: Mon Sep 26 23:41:25 2016
elapsed time: 3 seconds (0d 0h 0m 3s)

