#
# There is insufficient memory for the Java Runtime Environment to continue.
# Native memory allocation (malloc) failed to allocate 1010896 bytes for Chunk::new
# Possible reasons:
#   The system is out of physical RAM or swap space
#   In 32 bit mode, the process size limit was hit
# Possible solutions:
#   Reduce memory load on the system
#   Increase physical memory or swap space
#   Check if swap backing store is full
#   Use 64 bit Java on a 64 bit OS
#   Decrease Java heap size (-Xmx/-Xms)
#   Decrease number of Java threads
#   Decrease Java thread stack sizes (-Xss)
#   Set larger code cache with -XX:ReservedCodeCacheSize=
# This output file may be truncated or incomplete.
#
#  Out of Memory Error (allocation.cpp:390), pid=9256, tid=8120
#
# JRE version: Java(TM) SE Runtime Environment (8.0_25-b18) (build 1.8.0_25-b18)
# Java VM: Java HotSpot(TM) 64-Bit Server VM (25.25-b02 mixed mode windows-amd64 compressed oops)
# Failed to write core dump. Minidumps are not enabled by default on client versions of Windows
#

---------------  T H R E A D  ---------------

Current thread (0x0000000015756000):  JavaThread "C2 CompilerThread1" daemon [_thread_in_native, id=8120, stack(0x0000000016d80000,0x0000000016e80000)]

Stack: [0x0000000016d80000,0x0000000016e80000]
Native frames: (J=compiled Java code, j=interpreted, Vv=VM code, C=native code)
V  [jvm.dll+0x31667a]


Current CompileTask:
C2:   5185 1399       4       com.android.dx.ssa.SCCP::simulatePhi (169 bytes)


---------------  P R O C E S S  ---------------

Java Threads: ( => current thread )
  0x000000001713e000 JavaThread "pool-1-thread-4" [_thread_blocked, id=10660, stack(0x0000000017980000,0x0000000017a80000)]
  0x00000000170d7800 JavaThread "pool-1-thread-3" [_thread_blocked, id=9508, stack(0x0000000017880000,0x0000000017980000)]
  0x00000000170b8000 JavaThread "pool-1-thread-2" [_thread_blocked, id=3100, stack(0x0000000017780000,0x0000000017880000)]
  0x00000000170ca000 JavaThread "pool-2-thread-1" [_thread_blocked, id=9628, stack(0x0000000017680000,0x0000000017780000)]
  0x00000000170be000 JavaThread "pool-1-thread-1" [_thread_in_Java, id=4464, stack(0x0000000017580000,0x0000000017680000)]
  0x0000000016f83800 JavaThread "Service Thread" daemon [_thread_blocked, id=4420, stack(0x0000000017380000,0x0000000017480000)]
  0x0000000015769800 JavaThread "C1 CompilerThread2" daemon [_thread_in_native, id=8840, stack(0x0000000016e80000,0x0000000016f80000)]
=>0x0000000015756000 JavaThread "C2 CompilerThread1" daemon [_thread_in_native, id=8120, stack(0x0000000016d80000,0x0000000016e80000)]
  0x000000001570d800 JavaThread "C2 CompilerThread0" daemon [_thread_in_native, id=11660, stack(0x0000000016c80000,0x0000000016d80000)]
  0x000000001570b000 JavaThread "Attach Listener" daemon [_thread_blocked, id=6176, stack(0x0000000016b80000,0x0000000016c80000)]
  0x000000001570a800 JavaThread "Signal Dispatcher" daemon [_thread_blocked, id=8468, stack(0x0000000016a80000,0x0000000016b80000)]
  0x000000000300f000 JavaThread "Finalizer" daemon [_thread_blocked, id=7676, stack(0x0000000016970000,0x0000000016a70000)]
  0x000000000300c000 JavaThread "Reference Handler" daemon [_thread_blocked, id=13984, stack(0x0000000016870000,0x0000000016970000)]
  0x0000000002f1d800 JavaThread "main" [_thread_in_Java, id=13648, stack(0x0000000002e00000,0x0000000002f00000)]

Other Threads:
  0x00000000156d6000 VMThread [stack: 0x0000000016770000,0x0000000016870000] [id=11952]
  0x0000000016f86800 WatcherThread [stack: 0x0000000017480000,0x0000000017580000] [id=9136]

VM state:not at safepoint (normal execution)

VM Mutex/Monitor currently owned by a thread: None

Heap:
 PSYoungGen      total 53248K, used 11233K [0x00000000eab00000, 0x00000000ee300000, 0x0000000100000000)
  eden space 49152K, 14% used [0x00000000eab00000,0x00000000eb1fb3a8,0x00000000edb00000)
  from space 4096K, 99% used [0x00000000edf00000,0x00000000ee2fd3e8,0x00000000ee300000)
  to   space 4096K, 0% used [0x00000000edb00000,0x00000000edb00000,0x00000000edf00000)
 ParOldGen       total 65536K, used 4845K [0x00000000c0000000, 0x00000000c4000000, 0x00000000eab00000)
  object space 65536K, 7% used [0x00000000c0000000,0x00000000c04bb7b0,0x00000000c4000000)
 Metaspace       used 6023K, capacity 7024K, committed 7296K, reserved 1056768K
  class space    used 588K, capacity 616K, committed 640K, reserved 1048576K

Card table byte_map: [0x00000000123e0000,0x00000000125f0000] byte_map_base: 0x0000000011de0000

Marking Bits: (ParMarkBitMap*) 0x0000000073f2d490
 Begin Bits: [0x0000000012b50000, 0x0000000013b50000)
 End Bits:   [0x0000000013b50000, 0x0000000014b50000)

Polling page: 0x0000000001630000

CodeCache: size=245760Kb used=5639Kb max_used=5639Kb free=240120Kb
 bounds [0x0000000003020000, 0x00000000035b0000, 0x0000000012020000]
 total_blobs=1687 nmethods=1423 adapters=178
 compilation: enabled

Compilation events (10 events):
Event: 5.129 Thread 0x0000000015769800 nmethod 1419 0x0000000003582090 code [0x00000000035821e0, 0x0000000003582310]
Event: 5.129 Thread 0x0000000015769800 1420       3       java.util.TimSort::sort (229 bytes)
Event: 5.130 Thread 0x0000000015769800 nmethod 1420 0x0000000003599890 code [0x0000000003599a80, 0x000000000359a178]
Event: 5.131 Thread 0x0000000015769800 1422       3       com.android.dx.util.LabeledList::removeLabel (10 bytes)
Event: 5.131 Thread 0x0000000015769800 nmethod 1422 0x0000000003599410 code [0x0000000003599580, 0x00000000035997a8]
Event: 5.135 Thread 0x0000000015769800 1423       3       com.android.dx.cf.code.LocalVariableList::concat (97 bytes)
Event: 5.135 Thread 0x000000001570d800 nmethod 1405 0x00000000035a19d0 code [0x00000000035a1b60, 0x00000000035a2448]
Event: 5.135 Thread 0x000000001570d800 1421 %     4       com.android.dx.rop.code.RopMethod::calcPredecessors @ 91 (227 bytes)
Event: 5.137 Thread 0x0000000015769800 nmethod 1423 0x000000000359e7d0 code [0x000000000359eae0, 0x00000000035a0728]
Event: 5.137 Thread 0x0000000015769800 1424       3       com.android.dx.ssa.SsaConverter::convertToSsaMethod (41 bytes)

GC Heap History (4 events):
Event: 3.293 GC heap before
{Heap before GC invocations=1 (full 0):
 PSYoungGen      total 28672K, used 24576K [0x00000000eab00000, 0x00000000ecb00000, 0x0000000100000000)
  eden space 24576K, 100% used [0x00000000eab00000,0x00000000ec300000,0x00000000ec300000)
  from space 4096K, 0% used [0x00000000ec700000,0x00000000ec700000,0x00000000ecb00000)
  to   space 4096K, 0% used [0x00000000ec300000,0x00000000ec300000,0x00000000ec700000)
 ParOldGen       total 65536K, used 0K [0x00000000c0000000, 0x00000000c4000000, 0x00000000eab00000)
  object space 65536K, 0% used [0x00000000c0000000,0x00000000c0000000,0x00000000c4000000)
 Metaspace       used 5809K, capacity 6832K, committed 7040K, reserved 1056768K
  class space    used 586K, capacity 616K, committed 640K, reserved 1048576K
Event: 3.497 GC heap after
Heap after GC invocations=1 (full 0):
 PSYoungGen      total 28672K, used 4094K [0x00000000eab00000, 0x00000000ee300000, 0x0000000100000000)
  eden space 24576K, 0% used [0x00000000eab00000,0x00000000eab00000,0x00000000ec300000)
  from space 4096K, 99% used [0x00000000ec300000,0x00000000ec6ffb68,0x00000000ec700000)
  to   space 4096K, 0% used [0x00000000edf00000,0x00000000edf00000,0x00000000ee300000)
 ParOldGen       total 65536K, used 1776K [0x00000000c0000000, 0x00000000c4000000, 0x00000000eab00000)
  object space 65536K, 2% used [0x00000000c0000000,0x00000000c01bc208,0x00000000c4000000)
 Metaspace       used 5809K, capacity 6832K, committed 7040K, reserved 1056768K
  class space    used 586K, capacity 616K, committed 640K, reserved 1048576K
}
Event: 4.865 GC heap before
{Heap before GC invocations=2 (full 0):
 PSYoungGen      total 28672K, used 28670K [0x00000000eab00000, 0x00000000ee300000, 0x0000000100000000)
  eden space 24576K, 100% used [0x00000000eab00000,0x00000000ec300000,0x00000000ec300000)
  from space 4096K, 99% used [0x00000000ec300000,0x00000000ec6ffb68,0x00000000ec700000)
  to   space 4096K, 0% used [0x00000000edf00000,0x00000000edf00000,0x00000000ee300000)
 ParOldGen       total 65536K, used 1776K [0x00000000c0000000, 0x00000000c4000000, 0x00000000eab00000)
  object space 65536K, 2% used [0x00000000c0000000,0x00000000c01bc208,0x00000000c4000000)
 Metaspace       used 5996K, capacity 7024K, committed 7296K, reserved 1056768K
  class space    used 588K, capacity 616K, committed 640K, reserved 1048576K
Event: 5.115 GC heap after
Heap after GC invocations=2 (full 0):
 PSYoungGen      total 53248K, used 4084K [0x00000000eab00000, 0x00000000ee300000, 0x0000000100000000)
  eden space 49152K, 0% used [0x00000000eab00000,0x00000000eab00000,0x00000000edb00000)
  from space 4096K, 99% used [0x00000000edf00000,0x00000000ee2fd3e8,0x00000000ee300000)
  to   space 4096K, 0% used [0x00000000edb00000,0x00000000edb00000,0x00000000edf00000)
 ParOldGen       total 65536K, used 4845K [0x00000000c0000000, 0x00000000c4000000, 0x00000000eab00000)
  object space 65536K, 7% used [0x00000000c0000000,0x00000000c04bb7b0,0x00000000c4000000)
 Metaspace       used 5996K, capacity 7024K, committed 7296K, reserved 1056768K
  class space    used 588K, capacity 616K, committed 640K, reserved 1048576K
}

Deoptimization events (10 events):
Event: 3.256 Thread 0x000000001713e000 Uncommon trap: reason=bimorphic action=maybe_recompile pc=0x00000000032abca4 method=java.util.HashMap.getNode(ILjava/lang/Object;)Ljava/util/HashMap$Node; @ 126
Event: 3.257 Thread 0x000000001713e000 Uncommon trap: reason=class_check action=maybe_recompile pc=0x00000000033e3b14 method=java.util.HashMap.putVal(ILjava/lang/Object;Ljava/lang/Object;ZZ)Ljava/lang/Object; @ 203
Event: 3.257 Thread 0x000000001713e000 Uncommon trap: reason=bimorphic action=maybe_recompile pc=0x00000000032abca4 method=java.util.HashMap.getNode(ILjava/lang/Object;)Ljava/util/HashMap$Node; @ 126
Event: 3.257 Thread 0x000000001713e000 Uncommon trap: reason=unreached action=reinterpret pc=0x00000000031e5adc method=com.android.dx.rop.cst.Constant.compareTo(Lcom/android/dx/rop/cst/Constant;)I @ 12
Event: 3.257 Thread 0x000000001713e000 Uncommon trap: reason=bimorphic action=maybe_recompile pc=0x00000000032abca4 method=java.util.HashMap.getNode(ILjava/lang/Object;)Ljava/util/HashMap$Node; @ 126
Event: 3.257 Thread 0x000000001713e000 Uncommon trap: reason=class_check action=maybe_recompile pc=0x00000000033e3b14 method=java.util.HashMap.putVal(ILjava/lang/Object;Ljava/lang/Object;ZZ)Ljava/lang/Object; @ 203
Event: 3.257 Thread 0x000000001713e000 Uncommon trap: reason=bimorphic action=maybe_recompile pc=0x000000000327af1c method=java.util.HashMap.getNode(ILjava/lang/Object;)Ljava/util/HashMap$Node; @ 126
Event: 3.284 Thread 0x00000000170be000 Uncommon trap: reason=class_check action=maybe_recompile pc=0x00000000033e3b14 method=java.util.HashMap.putVal(ILjava/lang/Object;Ljava/lang/Object;ZZ)Ljava/lang/Object; @ 203
Event: 3.685 Thread 0x00000000170b8000 Uncommon trap: reason=bimorphic action=maybe_recompile pc=0x00000000034b50c4 method=com.android.dx.cf.code.BytecodeArray.parseInstruction(ILcom/android/dx/cf/code/BytecodeArray$Visitor;)I @ 2484
Event: 3.686 Thread 0x00000000170b8000 Uncommon trap: reason=bimorphic action=maybe_recompile pc=0x00000000034b50c4 method=com.android.dx.cf.code.BytecodeArray.parseInstruction(ILcom/android/dx/cf/code/BytecodeArray$Visitor;)I @ 2484

Internal exceptions (10 events):
Event: 2.395 Thread 0x00000000170d7800 Exception <a 'java/security/PrivilegedActionException'> (0x00000000eb68c700) thrown at [D:\re\workspace\8-2-build-windows-amd64-cygwin\jdk8u25\1677\hotspot\src\share\vm\prims\jvm.cpp, line 1312]
Event: 2.397 Thread 0x00000000170d7800 Implicit null exception at 0x00000000033b8522 to 0x00000000033b8621
Event: 2.400 Thread 0x0000000002f1d800 Exception <a 'java/security/PrivilegedActionException'> (0x00000000ebc31890) thrown at [D:\re\workspace\8-2-build-windows-amd64-cygwin\jdk8u25\1677\hotspot\src\share\vm\prims\jvm.cpp, line 1312]
Event: 2.611 Thread 0x000000001713e000 Exception <a 'java/security/PrivilegedActionException'> (0x00000000ebd26cc8) thrown at [D:\re\workspace\8-2-build-windows-amd64-cygwin\jdk8u25\1677\hotspot\src\share\vm\prims\jvm.cpp, line 1312]
Event: 2.612 Thread 0x0000000002f1d800 Exception <a 'java/security/PrivilegedActionException'> (0x00000000ebd6e8d0) thrown at [D:\re\workspace\8-2-build-windows-amd64-cygwin\jdk8u25\1677\hotspot\src\share\vm\prims\jvm.cpp, line 1312]
Event: 2.614 Thread 0x0000000002f1d800 Exception <a 'java/security/PrivilegedActionException'> (0x00000000ebd78b60) thrown at [D:\re\workspace\8-2-build-windows-amd64-cygwin\jdk8u25\1677\hotspot\src\share\vm\prims\jvm.cpp, line 1312]
Event: 2.614 Thread 0x0000000002f1d800 Exception <a 'java/security/PrivilegedActionException'> (0x00000000ebd7b258) thrown at [D:\re\workspace\8-2-build-windows-amd64-cygwin\jdk8u25\1677\hotspot\src\share\vm\prims\jvm.cpp, line 1312]
Event: 2.628 Thread 0x000000001713e000 Exception <a 'java/security/PrivilegedActionException'> (0x00000000ebe34ed0) thrown at [D:\re\workspace\8-2-build-windows-amd64-cygwin\jdk8u25\1677\hotspot\src\share\vm\prims\jvm.cpp, line 1312]
Event: 2.749 Thread 0x00000000170b8000 Exception <a 'java/security/PrivilegedActionException'> (0x00000000ebbd5928) thrown at [D:\re\workspace\8-2-build-windows-amd64-cygwin\jdk8u25\1677\hotspot\src\share\vm\prims\jvm.cpp, line 1312]
Event: 3.798 Thread 0x000000001713e000 Exception <a 'java/security/PrivilegedActionException'> (0x00000000eb4f9ae0) thrown at [D:\re\workspace\8-2-build-windows-amd64-cygwin\jdk8u25\1677\hotspot\src\share\vm\prims\jvm.cpp, line 1312]

Events (10 events):
Event: 4.204 Executing VM operation: EnableBiasedLocking
Event: 4.206 Executing VM operation: EnableBiasedLocking done
Event: 4.214 Thread 0x00000000170be000 DEOPT PACKING pc=0x00000000032dd7dd sp=0x000000001767eb90
Event: 4.214 Thread 0x00000000170be000 DEOPT UNPACKING pc=0x00000000030675bf sp=0x000000001767e980 mode 0
Event: 4.217 Thread 0x00000000170be000 DEOPT PACKING pc=0x00000000032dd7dd sp=0x000000001767eaf0
Event: 4.217 Thread 0x00000000170be000 DEOPT UNPACKING pc=0x00000000030675bf sp=0x000000001767e8d0 mode 0
Event: 4.275 Thread 0x00000000170d7800 DEOPT PACKING pc=0x00000000032dd7dd sp=0x000000001797e8e0
Event: 4.275 Thread 0x00000000170d7800 DEOPT UNPACKING pc=0x00000000030675bf sp=0x000000001797e6c0 mode 0
Event: 4.864 Executing VM operation: ParallelGCFailedAllocation
Event: 5.115 Executing VM operation: ParallelGCFailedAllocation done


Dynamic libraries:
0x00007ff726340000 - 0x00007ff726374000 	C:\Program Files\Java\jdk1.8.0_25\bin\java.exe
0x00007ff8f7fc0000 - 0x00007ff8f8181000 	C:\WINDOWS\SYSTEM32\ntdll.dll
0x00007ff8f6f80000 - 0x00007ff8f702d000 	C:\WINDOWS\system32\KERNEL32.DLL
0x00007ff8f4720000 - 0x00007ff8f4908000 	C:\WINDOWS\system32\KERNELBASE.dll
0x00007ff8f6bf0000 - 0x00007ff8f6c97000 	C:\WINDOWS\system32\ADVAPI32.dll
0x00007ff8f53e0000 - 0x00007ff8f547d000 	C:\WINDOWS\system32\msvcrt.dll
0x00007ff8f5630000 - 0x00007ff8f568b000 	C:\WINDOWS\system32\sechost.dll
0x00007ff8f6ca0000 - 0x00007ff8f6dbc000 	C:\WINDOWS\system32\RPCRT4.dll
0x00007ff8f7030000 - 0x00007ff8f7186000 	C:\WINDOWS\system32\USER32.dll
0x00007ff8f7430000 - 0x00007ff8f75b6000 	C:\WINDOWS\system32\GDI32.dll
0x00007ff8eaa10000 - 0x00007ff8eac84000 	C:\WINDOWS\WinSxS\amd64_microsoft.windows.common-controls_6595b64144ccf1df_6.0.10586.494_none_a2d8b04ea53e3145\COMCTL32.dll
0x00007ff8f75c0000 - 0x00007ff8f783d000 	C:\WINDOWS\system32\combase.dll
0x00007ff8f4c70000 - 0x00007ff8f4cda000 	C:\WINDOWS\system32\bcryptPrimitives.dll
0x00007ff8f7190000 - 0x00007ff8f71cb000 	C:\WINDOWS\system32\IMM32.DLL
0x00000000732d0000 - 0x00000000733a2000 	C:\Program Files\Java\jdk1.8.0_25\jre\bin\msvcr100.dll
0x0000000073750000 - 0x0000000073faa000 	C:\Program Files\Java\jdk1.8.0_25\jre\bin\server\jvm.dll
0x00007ff8f78b0000 - 0x00007ff8f78b8000 	C:\WINDOWS\system32\PSAPI.DLL
0x00007ff8e7740000 - 0x00007ff8e7749000 	C:\WINDOWS\SYSTEM32\WSOCK32.dll
0x00007ff8f7360000 - 0x00007ff8f73cb000 	C:\WINDOWS\system32\WS2_32.dll
0x00007ff8f2c00000 - 0x00007ff8f2c23000 	C:\WINDOWS\SYSTEM32\WINMM.dll
0x00007ff8f2ba0000 - 0x00007ff8f2bcc000 	C:\WINDOWS\SYSTEM32\WINMMBASE.dll
0x00007ff8f4c00000 - 0x00007ff8f4c43000 	C:\WINDOWS\system32\cfgmgr32.dll
0x0000000073740000 - 0x000000007374f000 	C:\Program Files\Java\jdk1.8.0_25\jre\bin\verify.dll
0x0000000073710000 - 0x0000000073738000 	C:\Program Files\Java\jdk1.8.0_25\jre\bin\java.dll
0x00000000736f0000 - 0x0000000073706000 	C:\Program Files\Java\jdk1.8.0_25\jre\bin\zip.dll
0x00007ff8f5690000 - 0x00007ff8f6bec000 	C:\WINDOWS\system32\SHELL32.dll
0x00007ff8f4ce0000 - 0x00007ff8f5325000 	C:\WINDOWS\system32\windows.storage.dll
0x00007ff8f73d0000 - 0x00007ff8f7422000 	C:\WINDOWS\system32\shlwapi.dll
0x00007ff8f4610000 - 0x00007ff8f461f000 	C:\WINDOWS\system32\kernel.appcore.dll
0x00007ff8f4b40000 - 0x00007ff8f4bf5000 	C:\WINDOWS\system32\shcore.dll
0x00007ff8f4620000 - 0x00007ff8f466b000 	C:\WINDOWS\system32\powrprof.dll
0x00007ff8f45f0000 - 0x00007ff8f4604000 	C:\WINDOWS\system32\profapi.dll

VM Arguments:
jvm_args: -Djava.awt.headless=true -Xmx1024M -Dfile.encoding=windows-1252 -Duser.country=GB -Duser.language=en -Duser.variant 
java_command: com.android.dx.command.Main --dex --num-threads=4 --output D:\done-inci\CampusConnect17Dec-inci\PreviewDemo\app\build\intermediates\pre-dexed\debug\debug_9479fcd568b147ba68b46bab4a4076f5425e9d3a.jar D:\done-inci\CampusConnect17Dec-inci\PreviewDemo\app\build\intermediates\classes\debug
java_class_path (initial): C:\Users\RK\AppData\Local\Android\sdk\build-tools\23.0.2\lib\dx.jar
Launcher Type: SUN_STANDARD

Environment Variables:
PATH=C:\ProgramData\Oracle\Java\javapath;C:\Program Files (x86)\Intel\iCLS Client\;C:\Program Files\Intel\iCLS Client\;C:\Program Files (x86)\AMD APP\bin\x86_64;C:\Program Files (x86)\AMD APP\bin\x86;C:\WINDOWS\system32;C:\WINDOWS;C:\WINDOWS\System32\Wbem;C:\WINDOWS\System32\WindowsPowerShell\v1.0\;C:\Program Files (x86)\Windows Live\Shared;C:\Program Files (x86)\ATI Technologies\ATI.ACE\Core-Static;C:\Program Files\Intel\Intel(R) Management Engine Components\DAL;C:\Program Files\Intel\Intel(R) Management Engine Components\IPT;C:\Program Files (x86)\Intel\Intel(R) Management Engine Components\DAL;C:\Program Files (x86)\Intel\Intel(R) Management Engine Components\IPT;C:\Program Files\Intel\WiFi\bin\;C:\Program Files\Common Files\Intel\WirelessCommon\;C:\Program Files (x86)\Windows Kits\8.1\Windows Performance Toolkit\;C:\Program Files (x86)\Microsoft SDKs\TypeScript\1.0\;C:\Program Files (x86)\Brackets\command;C:\Program Files\MATLAB\R2013a\runtime\win64;C:\Program Files\MATLAB\R2013a\bin;C:\Program Files (x86)\Calibre2\;C:\Program Files (x86)\Git\bin;C:\Program Files (x86)\Git\cmd;C:\Program Files (x86)\Skype\Phone\;C:\Anaconda2;C:\Anaconda2\Scripts;C:\Anaconda2\Library\bin;C:\Program Files\Microsoft Windows Performance Toolkit\;C:\Users\RK\AppData\Local\atom\bin;C:\Python27;C:\Python27\python.exe;C:\Python27\Scripts\;C:\Python27\Lib\site-packages\django\bin
USERNAME=RK
OS=Windows_NT
PROCESSOR_IDENTIFIER=Intel64 Family 6 Model 58 Stepping 9, GenuineIntel



---------------  S Y S T E M  ---------------

OS: Windows 8.1 , 64 bit Build 9600 

CPU:total 4 (2 cores per cpu, 2 threads per core) family 6 model 58 stepping 9, cmov, cx8, fxsr, mmx, sse, sse2, sse3, ssse3, sse4.1, sse4.2, popcnt, avx, aes, clmul, erms, ht, tsc, tscinvbit, tscinv

Memory: 4k page, physical 6185244k(516188k free), swap 6185244k(4820k free)

vm_info: Java HotSpot(TM) 64-Bit Server VM (25.25-b02) for windows-amd64 JRE (1.8.0_25-b18), built on Oct  7 2014 14:25:37 by "java_re" with MS VC++ 10.0 (VS2010)

time: Mon Sep 26 23:40:27 2016
elapsed time: 5 seconds (0d 0h 0m 5s)

