#
# There is insufficient memory for the Java Runtime Environment to continue.
# Native memory allocation (malloc) failed to allocate 1409536 bytes for Chunk::new
# Possible reasons:
#   The system is out of physical RAM or swap space
#   In 32 bit mode, the process size limit was hit
# Possible solutions:
#   Reduce memory load on the system
#   Increase physical memory or swap space
#   Check if swap backing store is full
#   Use 64 bit Java on a 64 bit OS
#   Decrease Java heap size (-Xmx/-Xms)
#   Decrease number of Java threads
#   Decrease Java thread stack sizes (-Xss)
#   Set larger code cache with -XX:ReservedCodeCacheSize=
# This output file may be truncated or incomplete.
#
#  Out of Memory Error (allocation.cpp:390), pid=4540, tid=1548
#
# JRE version: Java(TM) SE Runtime Environment (8.0_25-b18) (build 1.8.0_25-b18)
# Java VM: Java HotSpot(TM) 64-Bit Server VM (25.25-b02 mixed mode windows-amd64 compressed oops)
# Failed to write core dump. Minidumps are not enabled by default on client versions of Windows
#

---------------  T H R E A D  ---------------

Current thread (0x00000000157df000):  JavaThread "C2 CompilerThread1" daemon [_thread_in_native, id=1548, stack(0x0000000016e30000,0x0000000016f30000)]

Stack: [0x0000000016e30000,0x0000000016f30000]
Native frames: (J=compiled Java code, j=interpreted, Vv=VM code, C=native code)
V  [jvm.dll+0x31667a]
V  [jvm.dll+0x267073]
V  [jvm.dll+0x267cb3]
V  [jvm.dll+0x25f5b5]
V  [jvm.dll+0xbf165]
V  [jvm.dll+0xbf60c]
V  [jvm.dll+0x45d672]
V  [jvm.dll+0x49e8ef]
V  [jvm.dll+0x452275]
V  [jvm.dll+0x453864]
V  [jvm.dll+0x437372]
V  [jvm.dll+0x98a02]
V  [jvm.dll+0x991f3]
V  [jvm.dll+0x22bde4]
V  [jvm.dll+0x2852fa]
C  [msvcr100.dll+0x21d9f]
C  [msvcr100.dll+0x21e3b]
C  [KERNEL32.DLL+0x18102]
C  [ntdll.dll+0x5c5b4]


Current CompileTask:
C2:   3814 1303   !   4       com.android.dx.cf.cst.ConstantPoolParser::parse0 (731 bytes)


---------------  P R O C E S S  ---------------

Java Threads: ( => current thread )
  0x0000000017282000 JavaThread "pool-1-thread-4" [_thread_blocked, id=8404, stack(0x0000000018230000,0x0000000018330000)]
  0x0000000017281800 JavaThread "pool-1-thread-3" [_thread_blocked, id=10984, stack(0x0000000018130000,0x0000000018230000)]
  0x000000001727d800 JavaThread "pool-1-thread-2" [_thread_blocked, id=4068, stack(0x0000000018030000,0x0000000018130000)]
  0x0000000017339000 JavaThread "pool-2-thread-1" [_thread_blocked, id=10772, stack(0x0000000017f30000,0x0000000018030000)]
  0x000000001732c800 JavaThread "pool-1-thread-1" [_thread_blocked, id=8448, stack(0x0000000017e30000,0x0000000017f30000)]
  0x000000001705f000 JavaThread "Service Thread" daemon [_thread_blocked, id=880, stack(0x0000000017430000,0x0000000017530000)]
  0x0000000015823000 JavaThread "C1 CompilerThread2" daemon [_thread_blocked, id=10084, stack(0x0000000016f30000,0x0000000017030000)]
=>0x00000000157df000 JavaThread "C2 CompilerThread1" daemon [_thread_in_native, id=1548, stack(0x0000000016e30000,0x0000000016f30000)]
  0x00000000157dd000 JavaThread "C2 CompilerThread0" daemon [_thread_in_native, id=4892, stack(0x0000000016d30000,0x0000000016e30000)]
  0x00000000157da800 JavaThread "Attach Listener" daemon [_thread_blocked, id=10620, stack(0x0000000016c30000,0x0000000016d30000)]
  0x00000000157da000 JavaThread "Signal Dispatcher" daemon [_thread_blocked, id=8848, stack(0x0000000016b30000,0x0000000016c30000)]
  0x0000000003106000 JavaThread "Finalizer" daemon [_thread_blocked, id=5092, stack(0x0000000016a30000,0x0000000016b30000)]
  0x00000000030fc000 JavaThread "Reference Handler" daemon [_thread_blocked, id=10688, stack(0x0000000016930000,0x0000000016a30000)]
  0x0000000002fed800 JavaThread "main" [_thread_blocked, id=4652, stack(0x0000000002e90000,0x0000000002f90000)]

Other Threads:
  0x00000000157a6000 VMThread [stack: 0x0000000016830000,0x0000000016930000] [id=11196]
  0x0000000017062800 WatcherThread [stack: 0x0000000017530000,0x0000000017630000] [id=1808]

VM state:at safepoint (normal execution)

VM Mutex/Monitor currently owned by a thread:  ([mutex/lock_event])
[0x0000000002fed200] Threads_lock - owner thread: 0x00000000157a6000
[0x0000000002fec700] Heap_lock - owner thread: 0x0000000002fed800
[0x0000000003010c50] MethodData_lock - owner thread: 0x0000000002fed800

Heap:
 PSYoungGen      total 28672K, used 18704K [0x00000000eab00000, 0x00000000ecb00000, 0x0000000100000000)
  eden space 24576K, 59% used [0x00000000eab00000,0x00000000eb94a288,0x00000000ec300000)
  from space 4096K, 99% used [0x00000000ec300000,0x00000000ec6fa110,0x00000000ec700000)
  to   space 4096K, 3% used [0x00000000ec700000,0x00000000ec720000,0x00000000ecb00000)
 ParOldGen       total 65536K, used 601K [0x00000000c0000000, 0x00000000c4000000, 0x00000000eab00000)
  object space 65536K, 0% used [0x00000000c0000000,0x00000000c0096610,0x00000000c4000000)
 Metaspace       used 6034K, capacity 6960K, committed 7040K, reserved 1060864K
  class space    used 592K, capacity 616K, committed 640K, reserved 1048576K

Card table byte_map: [0x00000000124d0000,0x00000000126e0000] byte_map_base: 0x0000000011ed0000

Marking Bits: (ParMarkBitMap*) 0x00000000630dd490
 Begin Bits: [0x0000000012c40000, 0x0000000013c40000)
 End Bits:   [0x0000000013c40000, 0x0000000014c40000)

Polling page: 0x00000000016e0000

CodeCache: size=245760Kb used=5226Kb max_used=5226Kb free=240533Kb
 bounds [0x0000000003110000, 0x0000000003630000, 0x0000000012110000]
 total_blobs=1590 nmethods=1326 adapters=178
 compilation: enabled

Compilation events (10 events):
Event: 3.738 Thread 0x0000000015823000 1315       3       com.android.dx.rop.code.LocalVariableExtractor::doit (49 bytes)
Event: 3.738 Thread 0x0000000015823000 nmethod 1315 0x0000000003621ad0 code [0x0000000003621c60, 0x0000000003622118]
Event: 3.738 Thread 0x0000000015823000 1316       3       com.android.dx.dex.code.BlockAddresses::setupArrays (113 bytes)
Event: 3.740 Thread 0x0000000015823000 nmethod 1316 0x0000000003622350 code [0x0000000003622600, 0x0000000003624058]
Event: 3.740 Thread 0x0000000015823000 1317       3       com.android.dx.dex.code.RopTranslator::outputInstructions (69 bytes)
Event: 3.741 Thread 0x0000000015823000 nmethod 1317 0x0000000003624e90 code [0x0000000003625020, 0x0000000003625478]
Event: 3.761 Thread 0x0000000015823000 1318       3       com.android.dx.rop.annotation.Annotations::add (75 bytes)
Event: 3.762 Thread 0x0000000015823000 nmethod 1318 0x0000000003625650 code [0x00000000036258a0, 0x0000000003626768]
Event: 3.763 Thread 0x0000000015823000 1319       1       com.android.dx.rop.annotation.NameValuePair::getValue (5 bytes)
Event: 3.763 Thread 0x0000000015823000 nmethod 1319 0x000000000361ff50 code [0x00000000036200a0, 0x00000000036201b0]

GC Heap History (2 events):
Event: 3.450 GC heap before
{Heap before GC invocations=1 (full 0):
 PSYoungGen      total 28672K, used 24576K [0x00000000eab00000, 0x00000000ecb00000, 0x0000000100000000)
  eden space 24576K, 100% used [0x00000000eab00000,0x00000000ec300000,0x00000000ec300000)
  from space 4096K, 0% used [0x00000000ec700000,0x00000000ec700000,0x00000000ecb00000)
  to   space 4096K, 0% used [0x00000000ec300000,0x00000000ec300000,0x00000000ec700000)
 ParOldGen       total 65536K, used 0K [0x00000000c0000000, 0x00000000c4000000, 0x00000000eab00000)
  object space 65536K, 0% used [0x00000000c0000000,0x00000000c0000000,0x00000000c4000000)
 Metaspace       used 5811K, capacity 6832K, committed 7040K, reserved 1056768K
  class space    used 590K, capacity 616K, committed 640K, reserved 1048576K
Event: 3.472 GC heap after
Heap after GC invocations=1 (full 0):
 PSYoungGen      total 28672K, used 4072K [0x00000000eab00000, 0x00000000ecb00000, 0x0000000100000000)
  eden space 24576K, 0% used [0x00000000eab00000,0x00000000eab00000,0x00000000ec300000)
  from space 4096K, 99% used [0x00000000ec300000,0x00000000ec6fa110,0x00000000ec700000)
  to   space 4096K, 0% used [0x00000000ec700000,0x00000000ec700000,0x00000000ecb00000)
 ParOldGen       total 65536K, used 601K [0x00000000c0000000, 0x00000000c4000000, 0x00000000eab00000)
  object space 65536K, 0% used [0x00000000c0000000,0x00000000c0096610,0x00000000c4000000)
 Metaspace       used 5811K, capacity 6832K, committed 7040K, reserved 1056768K
  class space    used 590K, capacity 616K, committed 640K, reserved 1048576K
}

Deoptimization events (3 events):
Event: 2.753 Thread 0x0000000002fed800 Uncommon trap: reason=bimorphic action=maybe_recompile pc=0x000000000334cca8 method=java.util.HashMap.getNode(ILjava/lang/Object;)Ljava/util/HashMap$Node; @ 126
Event: 3.312 Thread 0x0000000017281800 Uncommon trap: reason=null_check action=make_not_entrant pc=0x0000000003468598 method=com.android.dx.ssa.SsaRenamer.getLocalForNewReg(I)Lcom/android/dx/rop/code/LocalItem; @ 19
Event: 3.704 Thread 0x000000001732c800 Uncommon trap: reason=bimorphic action=maybe_recompile pc=0x000000000334cca8 method=java.util.HashMap.getNode(ILjava/lang/Object;)Ljava/util/HashMap$Node; @ 126

Internal exceptions (10 events):
Event: 2.675 Thread 0x0000000017281800 Exception <a 'java/security/PrivilegedActionException'> (0x00000000eb9ab2c8) thrown at [D:\re\workspace\8-2-build-windows-amd64-cygwin\jdk8u25\1677\hotspot\src\share\vm\prims\jvm.cpp, line 1312]
Event: 2.677 Thread 0x0000000017281800 Exception <a 'java/security/PrivilegedActionException'> (0x00000000eb9b0cd8) thrown at [D:\re\workspace\8-2-build-windows-amd64-cygwin\jdk8u25\1677\hotspot\src\share\vm\prims\jvm.cpp, line 1312]
Event: 2.678 Thread 0x0000000017281800 Exception <a 'java/security/PrivilegedActionException'> (0x00000000eb9b6490) thrown at [D:\re\workspace\8-2-build-windows-amd64-cygwin\jdk8u25\1677\hotspot\src\share\vm\prims\jvm.cpp, line 1312]
Event: 2.730 Thread 0x000000001727d800 Exception <a 'java/security/PrivilegedActionException'> (0x00000000eba4a0a8) thrown at [D:\re\workspace\8-2-build-windows-amd64-cygwin\jdk8u25\1677\hotspot\src\share\vm\prims\jvm.cpp, line 1312]
Event: 2.790 Thread 0x0000000017281800 Exception <a 'java/security/PrivilegedActionException'> (0x00000000ebbceb00) thrown at [D:\re\workspace\8-2-build-windows-amd64-cygwin\jdk8u25\1677\hotspot\src\share\vm\prims\jvm.cpp, line 1312]
Event: 2.808 Thread 0x0000000017282000 Exception <a 'java/security/PrivilegedActionException'> (0x00000000eb934210) thrown at [D:\re\workspace\8-2-build-windows-amd64-cygwin\jdk8u25\1677\hotspot\src\share\vm\prims\jvm.cpp, line 1312]
Event: 2.904 Thread 0x000000001732c800 Exception <a 'java/security/PrivilegedActionException'> (0x00000000ebe983e8) thrown at [D:\re\workspace\8-2-build-windows-amd64-cygwin\jdk8u25\1677\hotspot\src\share\vm\prims\jvm.cpp, line 1312]
Event: 3.312 Thread 0x0000000017281800 Implicit null exception at 0x0000000003466237 to 0x0000000003468571
Event: 3.494 Thread 0x000000001732c800 Exception <a 'java/security/PrivilegedActionException'> (0x00000000eacf6638) thrown at [D:\re\workspace\8-2-build-windows-amd64-cygwin\jdk8u25\1677\hotspot\src\share\vm\prims\jvm.cpp, line 1312]
Event: 3.531 Thread 0x0000000017281800 Exception <a 'java/security/PrivilegedActionException'> (0x00000000eab30280) thrown at [D:\re\workspace\8-2-build-windows-amd64-cygwin\jdk8u25\1677\hotspot\src\share\vm\prims\jvm.cpp, line 1312]

Events (10 events):
Event: 3.479 loading class sun/misc/Cleaner done
Event: 3.494 loading class com/android/dx/cf/code/SwitchList
Event: 3.494 loading class com/android/dx/cf/code/SwitchList done
Event: 3.518 loading class java/util/DualPivotQuicksort
Event: 3.519 loading class java/util/DualPivotQuicksort done
Event: 3.531 loading class com/android/dx/dex/file/FieldAnnotationStruct
Event: 3.531 loading class com/android/dx/dex/file/FieldAnnotationStruct done
Event: 3.704 Thread 0x000000001732c800 Uncommon trap: trap_request=0xffffffc6 fr.pc=0x000000000334cca8
Event: 3.704 Thread 0x000000001732c800 DEOPT PACKING pc=0x000000000334cca8 sp=0x0000000017f2e860
Event: 3.705 Thread 0x000000001732c800 DEOPT UNPACKING pc=0x000000000315556a sp=0x0000000017f2e768 mode 2


Dynamic libraries:
0x00007ff7cc580000 - 0x00007ff7cc5b4000 	C:\Program Files\Java\jdk1.8.0_25\bin\java.exe
0x00007ffead880000 - 0x00007ffeada41000 	C:\WINDOWS\SYSTEM32\ntdll.dll
0x00007ffeaafe0000 - 0x00007ffeab08d000 	C:\WINDOWS\system32\KERNEL32.DLL
0x00007ffeaa9d0000 - 0x00007ffeaabb8000 	C:\WINDOWS\system32\KERNELBASE.dll
0x00007ffeabf30000 - 0x00007ffeabfd7000 	C:\WINDOWS\system32\ADVAPI32.dll
0x00007ffeabe90000 - 0x00007ffeabf2d000 	C:\WINDOWS\system32\msvcrt.dll
0x00007ffeab940000 - 0x00007ffeab99b000 	C:\WINDOWS\system32\sechost.dll
0x00007ffeab9a0000 - 0x00007ffeababc000 	C:\WINDOWS\system32\RPCRT4.dll
0x00007ffeab520000 - 0x00007ffeab676000 	C:\WINDOWS\system32\USER32.dll
0x00007ffead6f0000 - 0x00007ffead876000 	C:\WINDOWS\system32\GDI32.dll
0x00007ffea0ca0000 - 0x00007ffea0f14000 	C:\WINDOWS\WinSxS\amd64_microsoft.windows.common-controls_6595b64144ccf1df_6.0.10586.494_none_a2d8b04ea53e3145\COMCTL32.dll
0x00007ffeaac80000 - 0x00007ffeaaefd000 	C:\WINDOWS\system32\combase.dll
0x00007ffeaa630000 - 0x00007ffeaa69a000 	C:\WINDOWS\system32\bcryptPrimitives.dll
0x00007ffeabac0000 - 0x00007ffeabafb000 	C:\WINDOWS\system32\IMM32.DLL
0x0000000062480000 - 0x0000000062552000 	C:\Program Files\Java\jdk1.8.0_25\jre\bin\msvcr100.dll
0x0000000062900000 - 0x000000006315a000 	C:\Program Files\Java\jdk1.8.0_25\jre\bin\server\jvm.dll
0x00007ffeab8c0000 - 0x00007ffeab8c8000 	C:\WINDOWS\system32\PSAPI.DLL
0x00007ffea8650000 - 0x00007ffea8673000 	C:\WINDOWS\SYSTEM32\WINMM.dll
0x00007ffea8510000 - 0x00007ffea8519000 	C:\WINDOWS\SYSTEM32\WSOCK32.dll
0x00007ffeab8d0000 - 0x00007ffeab93b000 	C:\WINDOWS\system32\WS2_32.dll
0x00007ffea8620000 - 0x00007ffea864c000 	C:\WINDOWS\SYSTEM32\WINMMBASE.dll
0x00007ffeaa580000 - 0x00007ffeaa5c3000 	C:\WINDOWS\system32\cfgmgr32.dll
0x00000000628f0000 - 0x00000000628ff000 	C:\Program Files\Java\jdk1.8.0_25\jre\bin\verify.dll
0x00000000628c0000 - 0x00000000628e8000 	C:\Program Files\Java\jdk1.8.0_25\jre\bin\java.dll
0x00000000628a0000 - 0x00000000628b6000 	C:\Program Files\Java\jdk1.8.0_25\jre\bin\zip.dll
0x00007ffeac190000 - 0x00007ffead6ec000 	C:\WINDOWS\system32\SHELL32.dll
0x00007ffea9f30000 - 0x00007ffeaa575000 	C:\WINDOWS\system32\windows.storage.dll
0x00007ffeab700000 - 0x00007ffeab752000 	C:\WINDOWS\system32\shlwapi.dll
0x00007ffea9f00000 - 0x00007ffea9f0f000 	C:\WINDOWS\system32\kernel.appcore.dll
0x00007ffeaabc0000 - 0x00007ffeaac75000 	C:\WINDOWS\system32\shcore.dll
0x00007ffea9eb0000 - 0x00007ffea9efb000 	C:\WINDOWS\system32\powrprof.dll
0x00007ffea9f10000 - 0x00007ffea9f24000 	C:\WINDOWS\system32\profapi.dll
0x00007ffe999e0000 - 0x00007ffe99b6c000 	C:\WINDOWS\SYSTEM32\dbghelp.dll

VM Arguments:
jvm_args: -Djava.awt.headless=true -Xmx1024M -Dfile.encoding=windows-1252 -Duser.country=GB -Duser.language=en -Duser.variant 
java_command: com.android.dx.command.Main --dex --num-threads=4 --output D:\done-inci\CampusConnect17Dec-inci\PreviewDemo\app\build\intermediates\pre-dexed\debug\com.android.support-appcompat-v7-23.4.0_bdd9eb0c8783f15ee2b342057825619d587c13a9.jar D:\done-inci\CampusConnect17Dec-inci\PreviewDemo\app\build\intermediates\exploded-aar\com.android.support\appcompat-v7\23.4.0\jars\classes.jar
java_class_path (initial): C:\Users\RK\AppData\Local\Android\sdk\build-tools\23.0.2\lib\dx.jar
Launcher Type: SUN_STANDARD

Environment Variables:
PATH=C:\ProgramData\Oracle\Java\javapath;C:\Program Files (x86)\Intel\iCLS Client\;C:\Program Files\Intel\iCLS Client\;C:\Program Files (x86)\AMD APP\bin\x86_64;C:\Program Files (x86)\AMD APP\bin\x86;C:\WINDOWS\system32;C:\WINDOWS;C:\WINDOWS\System32\Wbem;C:\WINDOWS\System32\WindowsPowerShell\v1.0\;C:\Program Files (x86)\Windows Live\Shared;C:\Program Files (x86)\ATI Technologies\ATI.ACE\Core-Static;C:\Program Files\Intel\Intel(R) Management Engine Components\DAL;C:\Program Files\Intel\Intel(R) Management Engine Components\IPT;C:\Program Files (x86)\Intel\Intel(R) Management Engine Components\DAL;C:\Program Files (x86)\Intel\Intel(R) Management Engine Components\IPT;C:\Program Files\Intel\WiFi\bin\;C:\Program Files\Common Files\Intel\WirelessCommon\;C:\Program Files (x86)\Windows Kits\8.1\Windows Performance Toolkit\;C:\Program Files (x86)\Microsoft SDKs\TypeScript\1.0\;C:\Program Files (x86)\Brackets\command;C:\Program Files\MATLAB\R2013a\runtime\win64;C:\Program Files\MATLAB\R2013a\bin;C:\Program Files (x86)\Calibre2\;C:\Program Files (x86)\Git\bin;C:\Program Files (x86)\Git\cmd;C:\Program Files (x86)\Skype\Phone\;C:\Anaconda2;C:\Anaconda2\Scripts;C:\Anaconda2\Library\bin;C:\Program Files\Microsoft Windows Performance Toolkit\;C:\Users\RK\AppData\Local\atom\bin;C:\Python27;C:\Python27\python.exe;C:\Python27\Scripts\;C:\Python27\Lib\site-packages\django\bin
USERNAME=RK
OS=Windows_NT
PROCESSOR_IDENTIFIER=Intel64 Family 6 Model 58 Stepping 9, GenuineIntel



---------------  S Y S T E M  ---------------

OS: Windows 8.1 , 64 bit Build 9600 

CPU:total 4 (2 cores per cpu, 2 threads per core) family 6 model 58 stepping 9, cmov, cx8, fxsr, mmx, sse, sse2, sse3, ssse3, sse4.1, sse4.2, popcnt, avx, aes, clmul, erms, ht, tsc, tscinvbit, tscinv

Memory: 4k page, physical 6185244k(852260k free), swap 6185244k(5124k free)

vm_info: Java HotSpot(TM) 64-Bit Server VM (25.25-b02) for windows-amd64 JRE (1.8.0_25-b18), built on Oct  7 2014 14:25:37 by "java_re" with MS VC++ 10.0 (VS2010)

time: Sun Aug 28 19:36:06 2016
elapsed time: 3 seconds (0d 0h 0m 3s)

