#
# There is insufficient memory for the Java Runtime Environment to continue.
# Native memory allocation (malloc) failed to allocate 131088 bytes for Chunk::new
# Possible reasons:
#   The system is out of physical RAM or swap space
#   In 32 bit mode, the process size limit was hit
# Possible solutions:
#   Reduce memory load on the system
#   Increase physical memory or swap space
#   Check if swap backing store is full
#   Use 64 bit Java on a 64 bit OS
#   Decrease Java heap size (-Xmx/-Xms)
#   Decrease number of Java threads
#   Decrease Java thread stack sizes (-Xss)
#   Set larger code cache with -XX:ReservedCodeCacheSize=
# This output file may be truncated or incomplete.
#
#  Out of Memory Error (allocation.cpp:390), pid=4696, tid=296
#
# JRE version: Java(TM) SE Runtime Environment (8.0_25-b18) (build 1.8.0_25-b18)
# Java VM: Java HotSpot(TM) 64-Bit Server VM (25.25-b02 mixed mode windows-amd64 compressed oops)
# Failed to write core dump. Minidumps are not enabled by default on client versions of Windows
#

---------------  T H R E A D  ---------------

Current thread (0x000000001574d800):  JavaThread "C2 CompilerThread0" daemon [_thread_in_native, id=296, stack(0x0000000016cc0000,0x0000000016dc0000)]

Stack: [0x0000000016cc0000,0x0000000016dc0000]
Native frames: (J=compiled Java code, j=interpreted, Vv=VM code, C=native code)
V  [jvm.dll+0x31667a]


Current CompileTask:
C2:   3193 1462   !   4       com.android.dx.cf.code.BytecodeArray::parseInstruction (2764 bytes)


---------------  P R O C E S S  ---------------

Java Threads: ( => current thread )
  0x0000000017299000 JavaThread "pool-1-thread-4" [_thread_in_Java, id=7492, stack(0x00000000179c0000,0x0000000017ac0000)]
  0x000000001725e000 JavaThread "pool-1-thread-3" [_thread_in_Java, id=11084, stack(0x00000000178c0000,0x00000000179c0000)]
  0x0000000017211000 JavaThread "pool-1-thread-2" [_thread_in_vm, id=10316, stack(0x00000000177c0000,0x00000000178c0000)]
  0x0000000017210000 JavaThread "pool-2-thread-1" [_thread_blocked, id=11512, stack(0x00000000176c0000,0x00000000177c0000)]
  0x000000001720b000 JavaThread "pool-1-thread-1" [_thread_in_vm, id=13012, stack(0x00000000175c0000,0x00000000176c0000)]
  0x00000000157ac800 JavaThread "Service Thread" daemon [_thread_blocked, id=9368, stack(0x0000000016fc0000,0x00000000170c0000)]
  0x00000000157a0800 JavaThread "C1 CompilerThread2" daemon [_thread_in_vm, id=14072, stack(0x0000000016ec0000,0x0000000016fc0000)]
  0x000000001574f800 JavaThread "C2 CompilerThread1" daemon [_thread_in_vm, id=10920, stack(0x0000000016dc0000,0x0000000016ec0000)]
=>0x000000001574d800 JavaThread "C2 CompilerThread0" daemon [_thread_in_native, id=296, stack(0x0000000016cc0000,0x0000000016dc0000)]
  0x000000001574b000 JavaThread "Attach Listener" daemon [_thread_blocked, id=8008, stack(0x0000000016bc0000,0x0000000016cc0000)]
  0x000000001574a800 JavaThread "Signal Dispatcher" daemon [_thread_blocked, id=6884, stack(0x0000000016ac0000,0x0000000016bc0000)]
  0x000000000306f000 JavaThread "Finalizer" daemon [_thread_blocked, id=10972, stack(0x00000000169c0000,0x0000000016ac0000)]
  0x000000000306c000 JavaThread "Reference Handler" daemon [_thread_blocked, id=9908, stack(0x00000000168c0000,0x00000000169c0000)]
  0x00000000016cd800 JavaThread "main" [_thread_in_Java, id=6632, stack(0x0000000002e80000,0x0000000002f80000)]

Other Threads:
  0x0000000015716000 VMThread [stack: 0x00000000167c0000,0x00000000168c0000] [id=12592]
  0x00000000170c0800 WatcherThread [stack: 0x00000000174c0000,0x00000000175c0000] [id=2004]

VM state:not at safepoint (normal execution)

VM Mutex/Monitor currently owned by a thread: None

Heap:
 PSYoungGen      total 28672K, used 27730K [0x00000000eab00000, 0x00000000ee300000, 0x0000000100000000)
  eden space 24576K, 96% used [0x00000000eab00000,0x00000000ec21bfe0,0x00000000ec300000)
  from space 4096K, 99% used [0x00000000ec300000,0x00000000ec6f8a60,0x00000000ec700000)
  to   space 4096K, 0% used [0x00000000edf00000,0x00000000edf00000,0x00000000ee300000)
 ParOldGen       total 65536K, used 2037K [0x00000000c0000000, 0x00000000c4000000, 0x00000000eab00000)
  object space 65536K, 3% used [0x00000000c0000000,0x00000000c01fd6c8,0x00000000c4000000)
 Metaspace       used 6052K, capacity 7024K, committed 7296K, reserved 1056768K
  class space    used 588K, capacity 616K, committed 640K, reserved 1048576K

Card table byte_map: [0x0000000012440000,0x0000000012650000] byte_map_base: 0x0000000011e40000

Marking Bits: (ParMarkBitMap*) 0x0000000073f2d490
 Begin Bits: [0x0000000012bb0000, 0x0000000013bb0000)
 End Bits:   [0x0000000013bb0000, 0x0000000014bb0000)

Polling page: 0x00000000012a0000

CodeCache: size=245760Kb used=5873Kb max_used=5884Kb free=239886Kb
 bounds [0x0000000003080000, 0x0000000003650000, 0x0000000012080000]
 total_blobs=1747 nmethods=1483 adapters=178
 compilation: enabled

Compilation events (10 events):
Event: 3.188 Thread 0x00000000157a0800 1479       3       com.android.dx.dex.code.RopTranslator$LocalVariableAwareTranslationVisitor::<init> (17 bytes)
Event: 3.188 Thread 0x00000000157a0800 nmethod 1479 0x000000000363f350 code [0x000000000363f4c0, 0x000000000363f710]
Event: 3.189 Thread 0x000000001574f800 nmethod 1473 0x0000000003641010 code [0x0000000003641160, 0x0000000003641258]
Event: 3.189 Thread 0x00000000157a0800 1480       3       com.android.dx.dex.code.OutputCollector::getFinisher (26 bytes)
Event: 3.189 Thread 0x00000000157a0800 nmethod 1480 0x000000000363d010 code [0x000000000363d180, 0x000000000363d418]
Event: 3.189 Thread 0x00000000157a0800 1481       3       com.android.dx.dex.code.OutputCollector::appendSuffixToOutput (45 bytes)
Event: 3.190 Thread 0x000000001574f800 1483       4       com.android.dx.ssa.MoveParamCombiner$1::visitNonMoveInsn (213 bytes)
Event: 3.190 Thread 0x00000000157a0800 nmethod 1481 0x000000000363fc10 code [0x000000000363fe20, 0x00000000036408f8]
Event: 3.190 Thread 0x00000000157a0800 1482       3       com.android.dx.dex.code.DalvCode::<init> (68 bytes)
Event: 3.190 Thread 0x00000000157a0800 nmethod 1482 0x000000000363c950 code [0x000000000363cae0, 0x000000000363ceb8]

GC Heap History (2 events):
Event: 2.122 GC heap before
{Heap before GC invocations=1 (full 0):
 PSYoungGen      total 28672K, used 24576K [0x00000000eab00000, 0x00000000ecb00000, 0x0000000100000000)
  eden space 24576K, 100% used [0x00000000eab00000,0x00000000ec300000,0x00000000ec300000)
  from space 4096K, 0% used [0x00000000ec700000,0x00000000ec700000,0x00000000ecb00000)
  to   space 4096K, 0% used [0x00000000ec300000,0x00000000ec300000,0x00000000ec700000)
 ParOldGen       total 65536K, used 0K [0x00000000c0000000, 0x00000000c4000000, 0x00000000eab00000)
  object space 65536K, 0% used [0x00000000c0000000,0x00000000c0000000,0x00000000c4000000)
 Metaspace       used 5847K, capacity 6896K, committed 7040K, reserved 1056768K
  class space    used 587K, capacity 616K, committed 640K, reserved 1048576K
Event: 2.202 GC heap after
Heap after GC invocations=1 (full 0):
 PSYoungGen      total 28672K, used 4066K [0x00000000eab00000, 0x00000000ee300000, 0x0000000100000000)
  eden space 24576K, 0% used [0x00000000eab00000,0x00000000eab00000,0x00000000ec300000)
  from space 4096K, 99% used [0x00000000ec300000,0x00000000ec6f8a60,0x00000000ec700000)
  to   space 4096K, 0% used [0x00000000edf00000,0x00000000edf00000,0x00000000ee300000)
 ParOldGen       total 65536K, used 2037K [0x00000000c0000000, 0x00000000c4000000, 0x00000000eab00000)
  object space 65536K, 3% used [0x00000000c0000000,0x00000000c01fd6c8,0x00000000c4000000)
 Metaspace       used 5847K, capacity 6896K, committed 7040K, reserved 1056768K
  class space    used 587K, capacity 616K, committed 640K, reserved 1048576K
}

Deoptimization events (10 events):
Event: 1.853 Thread 0x000000001720b000 Uncommon trap: reason=class_check action=maybe_recompile pc=0x0000000003408624 method=java.util.HashMap.putVal(ILjava/lang/Object;Ljava/lang/Object;ZZ)Ljava/lang/Object; @ 203
Event: 1.853 Thread 0x000000001720b000 Uncommon trap: reason=bimorphic action=maybe_recompile pc=0x00000000032d8ddc method=java.util.HashMap.getNode(ILjava/lang/Object;)Ljava/util/HashMap$Node; @ 126
Event: 1.950 Thread 0x000000001725e000 Uncommon trap: reason=class_check action=maybe_recompile pc=0x00000000033c9558 method=com.android.dx.ssa.NormalSsaInsn.accept(Lcom/android/dx/ssa/SsaInsn$Visitor;)V @ 9
Event: 1.950 Thread 0x000000001725e000 Uncommon trap: reason=class_check action=maybe_recompile pc=0x00000000033c9558 method=com.android.dx.ssa.NormalSsaInsn.accept(Lcom/android/dx/ssa/SsaInsn$Visitor;)V @ 9
Event: 1.956 Thread 0x0000000017211000 Uncommon trap: reason=class_check action=maybe_recompile pc=0x00000000033344f0 method=com.android.dx.ssa.NormalSsaInsn.accept(Lcom/android/dx/ssa/SsaInsn$Visitor;)V @ 9
Event: 2.239 Thread 0x0000000017299000 Uncommon trap: reason=class_check action=maybe_recompile pc=0x0000000003408624 method=java.util.HashMap.putVal(ILjava/lang/Object;Ljava/lang/Object;ZZ)Ljava/lang/Object; @ 203
Event: 2.792 Thread 0x000000001720b000 Uncommon trap: reason=class_check action=maybe_recompile pc=0x00000000035bd5b4 method=com.android.dx.cf.code.BytecodeArray.parseInstruction(ILcom/android/dx/cf/code/BytecodeArray$Visitor;)I @ 2151
Event: 2.793 Thread 0x000000001720b000 Uncommon trap: reason=class_check action=maybe_recompile pc=0x00000000035bd5b4 method=com.android.dx.cf.code.BytecodeArray.parseInstruction(ILcom/android/dx/cf/code/BytecodeArray$Visitor;)I @ 2151
Event: 2.978 Thread 0x000000001725e000 Uncommon trap: reason=class_check action=maybe_recompile pc=0x00000000035bd8e4 method=com.android.dx.cf.code.BytecodeArray.parseInstruction(ILcom/android/dx/cf/code/BytecodeArray$Visitor;)I @ 1549
Event: 3.018 Thread 0x000000001725e000 Uncommon trap: reason=class_check action=maybe_recompile pc=0x00000000035bd8e4 method=com.android.dx.cf.code.BytecodeArray.parseInstruction(ILcom/android/dx/cf/code/BytecodeArray$Visitor;)I @ 1549

Internal exceptions (10 events):
Event: 1.569 Thread 0x0000000017299000 Implicit null exception at 0x00000000033e31e2 to 0x00000000033e32e1
Event: 1.790 Thread 0x000000001725e000 Exception <a 'java/security/PrivilegedActionException'> (0x00000000ebd59d70) thrown at [D:\re\workspace\8-2-build-windows-amd64-cygwin\jdk8u25\1677\hotspot\src\share\vm\prims\jvm.cpp, line 1312]
Event: 1.827 Thread 0x00000000016cd800 Exception <a 'java/security/PrivilegedActionException'> (0x00000000ebe21b00) thrown at [D:\re\workspace\8-2-build-windows-amd64-cygwin\jdk8u25\1677\hotspot\src\share\vm\prims\jvm.cpp, line 1312]
Event: 1.828 Thread 0x00000000016cd800 Exception <a 'java/security/PrivilegedActionException'> (0x00000000ebe29e20) thrown at [D:\re\workspace\8-2-build-windows-amd64-cygwin\jdk8u25\1677\hotspot\src\share\vm\prims\jvm.cpp, line 1312]
Event: 1.834 Thread 0x000000001720b000 Exception <a 'java/security/PrivilegedActionException'> (0x00000000ebbe93d0) thrown at [D:\re\workspace\8-2-build-windows-amd64-cygwin\jdk8u25\1677\hotspot\src\share\vm\prims\jvm.cpp, line 1312]
Event: 1.846 Thread 0x000000001720b000 Exception <a 'java/security/PrivilegedActionException'> (0x00000000ebe98198) thrown at [D:\re\workspace\8-2-build-windows-amd64-cygwin\jdk8u25\1677\hotspot\src\share\vm\prims\jvm.cpp, line 1312]
Event: 1.972 Thread 0x00000000016cd800 Exception <a 'java/security/PrivilegedActionException'> (0x00000000ebe71210) thrown at [D:\re\workspace\8-2-build-windows-amd64-cygwin\jdk8u25\1677\hotspot\src\share\vm\prims\jvm.cpp, line 1312]
Event: 1.974 Thread 0x00000000016cd800 Exception <a 'java/security/PrivilegedActionException'> (0x00000000ebe7b4a0) thrown at [D:\re\workspace\8-2-build-windows-amd64-cygwin\jdk8u25\1677\hotspot\src\share\vm\prims\jvm.cpp, line 1312]
Event: 1.974 Thread 0x00000000016cd800 Exception <a 'java/security/PrivilegedActionException'> (0x00000000ebe7db98) thrown at [D:\re\workspace\8-2-build-windows-amd64-cygwin\jdk8u25\1677\hotspot\src\share\vm\prims\jvm.cpp, line 1312]
Event: 2.325 Thread 0x000000001725e000 Exception <a 'java/security/PrivilegedActionException'> (0x00000000eb3730c0) thrown at [D:\re\workspace\8-2-build-windows-amd64-cygwin\jdk8u25\1677\hotspot\src\share\vm\prims\jvm.cpp, line 1312]

Events (10 events):
Event: 2.792 Thread 0x000000001720b000 DEOPT UNPACKING pc=0x00000000030c556a sp=0x00000000176be8c8 mode 2
Event: 2.793 Thread 0x000000001720b000 Uncommon trap: trap_request=0xffffffde fr.pc=0x00000000035bd5b4
Event: 2.793 Thread 0x000000001720b000 DEOPT PACKING pc=0x00000000035bd5b4 sp=0x00000000176be940
Event: 2.793 Thread 0x000000001720b000 DEOPT UNPACKING pc=0x00000000030c556a sp=0x00000000176be8c8 mode 2
Event: 2.978 Thread 0x000000001725e000 Uncommon trap: trap_request=0xffffffde fr.pc=0x00000000035bd8e4
Event: 2.978 Thread 0x000000001725e000 DEOPT PACKING pc=0x00000000035bd8e4 sp=0x00000000179be880
Event: 2.978 Thread 0x000000001725e000 DEOPT UNPACKING pc=0x00000000030c556a sp=0x00000000179be7f8 mode 2
Event: 3.018 Thread 0x000000001725e000 Uncommon trap: trap_request=0xffffffde fr.pc=0x00000000035bd8e4
Event: 3.018 Thread 0x000000001725e000 DEOPT PACKING pc=0x00000000035bd8e4 sp=0x00000000179be880
Event: 3.018 Thread 0x000000001725e000 DEOPT UNPACKING pc=0x00000000030c556a sp=0x00000000179be7f8 mode 2


Dynamic libraries:
0x00007ff726340000 - 0x00007ff726374000 	C:\Program Files\Java\jdk1.8.0_25\bin\java.exe
0x00007ff8f7fc0000 - 0x00007ff8f8181000 	C:\WINDOWS\SYSTEM32\ntdll.dll
0x00007ff8f6f80000 - 0x00007ff8f702d000 	C:\WINDOWS\system32\KERNEL32.DLL
0x00007ff8f4720000 - 0x00007ff8f4908000 	C:\WINDOWS\system32\KERNELBASE.dll
0x00007ff8f6bf0000 - 0x00007ff8f6c97000 	C:\WINDOWS\system32\ADVAPI32.dll
0x00007ff8f53e0000 - 0x00007ff8f547d000 	C:\WINDOWS\system32\msvcrt.dll
0x00007ff8f5630000 - 0x00007ff8f568b000 	C:\WINDOWS\system32\sechost.dll
0x00007ff8f6ca0000 - 0x00007ff8f6dbc000 	C:\WINDOWS\system32\RPCRT4.dll
0x00007ff8f7030000 - 0x00007ff8f7186000 	C:\WINDOWS\system32\USER32.dll
0x00007ff8f7430000 - 0x00007ff8f75b6000 	C:\WINDOWS\system32\GDI32.dll
0x00007ff8eaa10000 - 0x00007ff8eac84000 	C:\WINDOWS\WinSxS\amd64_microsoft.windows.common-controls_6595b64144ccf1df_6.0.10586.494_none_a2d8b04ea53e3145\COMCTL32.dll
0x00007ff8f75c0000 - 0x00007ff8f783d000 	C:\WINDOWS\system32\combase.dll
0x00007ff8f4c70000 - 0x00007ff8f4cda000 	C:\WINDOWS\system32\bcryptPrimitives.dll
0x00007ff8f7190000 - 0x00007ff8f71cb000 	C:\WINDOWS\system32\IMM32.DLL
0x00000000732d0000 - 0x00000000733a2000 	C:\Program Files\Java\jdk1.8.0_25\jre\bin\msvcr100.dll
0x0000000073750000 - 0x0000000073faa000 	C:\Program Files\Java\jdk1.8.0_25\jre\bin\server\jvm.dll
0x00007ff8f78b0000 - 0x00007ff8f78b8000 	C:\WINDOWS\system32\PSAPI.DLL
0x00007ff8e7740000 - 0x00007ff8e7749000 	C:\WINDOWS\SYSTEM32\WSOCK32.dll
0x00007ff8f7360000 - 0x00007ff8f73cb000 	C:\WINDOWS\system32\WS2_32.dll
0x00007ff8f2c00000 - 0x00007ff8f2c23000 	C:\WINDOWS\SYSTEM32\WINMM.dll
0x00007ff8f2ba0000 - 0x00007ff8f2bcc000 	C:\WINDOWS\SYSTEM32\WINMMBASE.dll
0x00007ff8f4c00000 - 0x00007ff8f4c43000 	C:\WINDOWS\system32\cfgmgr32.dll
0x0000000073740000 - 0x000000007374f000 	C:\Program Files\Java\jdk1.8.0_25\jre\bin\verify.dll
0x0000000073710000 - 0x0000000073738000 	C:\Program Files\Java\jdk1.8.0_25\jre\bin\java.dll
0x00000000736f0000 - 0x0000000073706000 	C:\Program Files\Java\jdk1.8.0_25\jre\bin\zip.dll
0x00007ff8f5690000 - 0x00007ff8f6bec000 	C:\WINDOWS\system32\SHELL32.dll
0x00007ff8f4ce0000 - 0x00007ff8f5325000 	C:\WINDOWS\system32\windows.storage.dll
0x00007ff8f73d0000 - 0x00007ff8f7422000 	C:\WINDOWS\system32\shlwapi.dll
0x00007ff8f4610000 - 0x00007ff8f461f000 	C:\WINDOWS\system32\kernel.appcore.dll
0x00007ff8f4b40000 - 0x00007ff8f4bf5000 	C:\WINDOWS\system32\shcore.dll
0x00007ff8f4620000 - 0x00007ff8f466b000 	C:\WINDOWS\system32\powrprof.dll
0x00007ff8f45f0000 - 0x00007ff8f4604000 	C:\WINDOWS\system32\profapi.dll

VM Arguments:
jvm_args: -Djava.awt.headless=true -Xmx1024M -Dfile.encoding=windows-1252 -Duser.country=GB -Duser.language=en -Duser.variant 
java_command: com.android.dx.command.Main --dex --num-threads=4 --output D:\done-inci\CampusConnect17Dec-inci\PreviewDemo\app\build\intermediates\pre-dexed\debug\debug_9479fcd568b147ba68b46bab4a4076f5425e9d3a.jar D:\done-inci\CampusConnect17Dec-inci\PreviewDemo\app\build\intermediates\classes\debug
java_class_path (initial): C:\Users\RK\AppData\Local\Android\sdk\build-tools\23.0.2\lib\dx.jar
Launcher Type: SUN_STANDARD

Environment Variables:
PATH=C:\ProgramData\Oracle\Java\javapath;C:\Program Files (x86)\Intel\iCLS Client\;C:\Program Files\Intel\iCLS Client\;C:\Program Files (x86)\AMD APP\bin\x86_64;C:\Program Files (x86)\AMD APP\bin\x86;C:\WINDOWS\system32;C:\WINDOWS;C:\WINDOWS\System32\Wbem;C:\WINDOWS\System32\WindowsPowerShell\v1.0\;C:\Program Files (x86)\Windows Live\Shared;C:\Program Files (x86)\ATI Technologies\ATI.ACE\Core-Static;C:\Program Files\Intel\Intel(R) Management Engine Components\DAL;C:\Program Files\Intel\Intel(R) Management Engine Components\IPT;C:\Program Files (x86)\Intel\Intel(R) Management Engine Components\DAL;C:\Program Files (x86)\Intel\Intel(R) Management Engine Components\IPT;C:\Program Files\Intel\WiFi\bin\;C:\Program Files\Common Files\Intel\WirelessCommon\;C:\Program Files (x86)\Windows Kits\8.1\Windows Performance Toolkit\;C:\Program Files (x86)\Microsoft SDKs\TypeScript\1.0\;C:\Program Files (x86)\Brackets\command;C:\Program Files\MATLAB\R2013a\runtime\win64;C:\Program Files\MATLAB\R2013a\bin;C:\Program Files (x86)\Calibre2\;C:\Program Files (x86)\Git\bin;C:\Program Files (x86)\Git\cmd;C:\Program Files (x86)\Skype\Phone\;C:\Anaconda2;C:\Anaconda2\Scripts;C:\Anaconda2\Library\bin;C:\Program Files\Microsoft Windows Performance Toolkit\;C:\Users\RK\AppData\Local\atom\bin;C:\Python27;C:\Python27\python.exe;C:\Python27\Scripts\;C:\Python27\Lib\site-packages\django\bin
USERNAME=RK
OS=Windows_NT
PROCESSOR_IDENTIFIER=Intel64 Family 6 Model 58 Stepping 9, GenuineIntel



---------------  S Y S T E M  ---------------

OS: Windows 8.1 , 64 bit Build 9600 

CPU:total 4 (2 cores per cpu, 2 threads per core) family 6 model 58 stepping 9, cmov, cx8, fxsr, mmx, sse, sse2, sse3, ssse3, sse4.1, sse4.2, popcnt, avx, aes, clmul, erms, ht, tsc, tscinvbit, tscinv

Memory: 4k page, physical 6185244k(595112k free), swap 6185244k(3080k free)

vm_info: Java HotSpot(TM) 64-Bit Server VM (25.25-b02) for windows-amd64 JRE (1.8.0_25-b18), built on Oct  7 2014 14:25:37 by "java_re" with MS VC++ 10.0 (VS2010)

time: Mon Sep 26 23:41:25 2016
elapsed time: 3 seconds (0d 0h 0m 3s)

