#
# There is insufficient memory for the Java Runtime Environment to continue.
# Native memory allocation (malloc) failed to allocate 32784 bytes for Chunk::new
# Possible reasons:
#   The system is out of physical RAM or swap space
#   In 32 bit mode, the process size limit was hit
# Possible solutions:
#   Reduce memory load on the system
#   Increase physical memory or swap space
#   Check if swap backing store is full
#   Use 64 bit Java on a 64 bit OS
#   Decrease Java heap size (-Xmx/-Xms)
#   Decrease number of Java threads
#   Decrease Java thread stack sizes (-Xss)
#   Set larger code cache with -XX:ReservedCodeCacheSize=
# This output file may be truncated or incomplete.
#
#  Out of Memory Error (allocation.cpp:390), pid=6832, tid=10864
#
# JRE version: Java(TM) SE Runtime Environment (8.0_25-b18) (build 1.8.0_25-b18)
# Java VM: Java HotSpot(TM) 64-Bit Server VM (25.25-b02 mixed mode windows-amd64 compressed oops)
# Failed to write core dump. Minidumps are not enabled by default on client versions of Windows
#

---------------  T H R E A D  ---------------

Current thread (0x00000000153dc000):  JavaThread "C1 CompilerThread2" daemon [_thread_in_native, id=10864, stack(0x0000000016ae0000,0x0000000016be0000)]

Stack: [0x0000000016ae0000,0x0000000016be0000]
Native frames: (J=compiled Java code, j=interpreted, Vv=VM code, C=native code)
V  [jvm.dll+0x31667a]
V  [jvm.dll+0x267073]
V  [jvm.dll+0x267cb3]
V  [jvm.dll+0x25f5b5]
V  [jvm.dll+0xbf165]
V  [jvm.dll+0xbf60c]
V  [jvm.dll+0x25dc3b]
V  [jvm.dll+0x2b056a]
V  [jvm.dll+0x417295]
V  [jvm.dll+0x41e456]
V  [jvm.dll+0x416290]
V  [jvm.dll+0x400520]
V  [jvm.dll+0x3ed21d]
V  [jvm.dll+0x3ed690]
V  [jvm.dll+0x3ed7c2]
V  [jvm.dll+0x3ed98e]
V  [jvm.dll+0x3edb8f]
V  [jvm.dll+0x98a02]
V  [jvm.dll+0x991f3]
V  [jvm.dll+0x22bde4]
V  [jvm.dll+0x2852fa]
C  [msvcr100.dll+0x21d9f]
C  [msvcr100.dll+0x21e3b]
C  [KERNEL32.DLL+0x18102]
C  [ntdll.dll+0x5c5b4]


Current CompileTask:
C1:   3272  912   !   3       com.android.dx.cf.code.RopperMachine::run (1550 bytes)


---------------  P R O C E S S  ---------------

Java Threads: ( => current thread )
  0x0000000017251000 JavaThread "pool-1-thread-4" [_thread_in_Java, id=9028, stack(0x0000000017de0000,0x0000000017ee0000)]
  0x0000000017250000 JavaThread "pool-1-thread-3" [_thread_blocked, id=11492, stack(0x0000000017ce0000,0x0000000017de0000)]
  0x0000000016ece800 JavaThread "pool-1-thread-2" [_thread_blocked, id=4328, stack(0x0000000017be0000,0x0000000017ce0000)]
  0x0000000016ecc000 JavaThread "pool-2-thread-1" [_thread_blocked, id=9760, stack(0x0000000017ae0000,0x0000000017be0000)]
  0x0000000016e5f000 JavaThread "pool-1-thread-1" [_thread_blocked, id=6164, stack(0x00000000179e0000,0x0000000017ae0000)]
  0x0000000016be6000 JavaThread "Service Thread" daemon [_thread_blocked, id=9388, stack(0x0000000016fe0000,0x00000000170e0000)]
=>0x00000000153dc000 JavaThread "C1 CompilerThread2" daemon [_thread_in_native, id=10864, stack(0x0000000016ae0000,0x0000000016be0000)]
  0x0000000015380000 JavaThread "C2 CompilerThread1" daemon [_thread_in_native, id=11588, stack(0x00000000169e0000,0x0000000016ae0000)]
  0x000000001537d800 JavaThread "C2 CompilerThread0" daemon [_thread_in_native, id=2448, stack(0x00000000168e0000,0x00000000169e0000)]
  0x000000001537b800 JavaThread "Attach Listener" daemon [_thread_blocked, id=8352, stack(0x00000000167e0000,0x00000000168e0000)]
  0x000000001537a000 JavaThread "Signal Dispatcher" daemon [_thread_blocked, id=8608, stack(0x00000000166e0000,0x00000000167e0000)]
  0x0000000002c55000 JavaThread "Finalizer" daemon [_thread_blocked, id=572, stack(0x00000000165e0000,0x00000000166e0000)]
  0x0000000015347800 JavaThread "Reference Handler" daemon [_thread_blocked, id=11840, stack(0x00000000164e0000,0x00000000165e0000)]
  0x000000000101d800 JavaThread "main" [_thread_blocked, id=13532, stack(0x0000000001330000,0x0000000001430000)]

Other Threads:
  0x0000000015345000 VMThread [stack: 0x00000000163e0000,0x00000000164e0000] [id=7964]
  0x0000000016be8000 WatcherThread [stack: 0x00000000170e0000,0x00000000171e0000] [id=1876]

VM state:not at safepoint (normal execution)

VM Mutex/Monitor currently owned by a thread:  ([mutex/lock_event])
[0x000000000101cb80] CompiledIC_lock - owner thread: 0x0000000016ece800

Heap:
 PSYoungGen      total 28672K, used 11235K [0x00000000eab00000, 0x00000000ecb00000, 0x0000000100000000)
  eden space 24576K, 31% used [0x00000000eab00000,0x00000000eb287810,0x00000000ec300000)
  from space 4096K, 86% used [0x00000000ec300000,0x00000000ec6714d0,0x00000000ec700000)
  to   space 4096K, 0% used [0x00000000ec700000,0x00000000ec700000,0x00000000ecb00000)
 ParOldGen       total 65536K, used 8K [0x00000000c0000000, 0x00000000c4000000, 0x00000000eab00000)
  object space 65536K, 0% used [0x00000000c0000000,0x00000000c0002000,0x00000000c4000000)
 Metaspace       used 5821K, capacity 6768K, committed 7040K, reserved 1056768K
  class space    used 590K, capacity 616K, committed 640K, reserved 1048576K

Card table byte_map: [0x0000000012070000,0x0000000012280000] byte_map_base: 0x0000000011a70000

Marking Bits: (ParMarkBitMap*) 0x0000000073f2d490
 Begin Bits: [0x00000000127e0000, 0x00000000137e0000)
 End Bits:   [0x00000000137e0000, 0x00000000147e0000)

Polling page: 0x0000000001000000

CodeCache: size=245760Kb used=3364Kb max_used=3377Kb free=242395Kb
 bounds [0x0000000002cb0000, 0x0000000003000000, 0x0000000011cb0000]
 total_blobs=1161 nmethods=897 adapters=178
 compilation: enabled

Compilation events (10 events):
Event: 3.149 Thread 0x00000000153dc000 nmethod 848 0x0000000002fe6b50 code [0x0000000002fe6dc0, 0x0000000002fe7988]
Event: 3.149 Thread 0x00000000153dc000  886       3       com.android.dx.ssa.SsaMethod::getEntryBlock (15 bytes)
Event: 3.149 Thread 0x00000000153dc000 nmethod 886 0x0000000002fea190 code [0x0000000002fea340, 0x0000000002fea7f8]
Event: 3.149 Thread 0x00000000153dc000  912   !   3       com.android.dx.cf.code.RopperMachine::run (1550 bytes)
Event: 3.151 Thread 0x000000001537d800  916       4       com.android.dx.ssa.NormalSsaInsn::hasSideEffect (76 bytes)
Event: 3.154 Thread 0x000000001537d800 nmethod 916 0x0000000002fe9c50 code [0x0000000002fe9da0, 0x0000000002fe9ef8]
Event: 3.156 Thread 0x0000000015380000  921       4       java.util.BitSet::clear (70 bytes)
Event: 3.157 Thread 0x000000001537d800  922       4       com.android.dx.util.FixedSizeList::equals (41 bytes)
Event: 3.159 Thread 0x0000000015380000 nmethod 921 0x0000000002ffdd90 code [0x0000000002ffdee0, 0x0000000002ffdff8]
Event: 3.159 Thread 0x0000000015380000  923       4       java.util.Arrays::equals (78 bytes)

GC Heap History (2 events):
Event: 2.200 GC heap before
{Heap before GC invocations=1 (full 0):
 PSYoungGen      total 28672K, used 24576K [0x00000000eab00000, 0x00000000ecb00000, 0x0000000100000000)
  eden space 24576K, 100% used [0x00000000eab00000,0x00000000ec300000,0x00000000ec300000)
  from space 4096K, 0% used [0x00000000ec700000,0x00000000ec700000,0x00000000ecb00000)
  to   space 4096K, 0% used [0x00000000ec300000,0x00000000ec300000,0x00000000ec700000)
 ParOldGen       total 65536K, used 0K [0x00000000c0000000, 0x00000000c4000000, 0x00000000eab00000)
  object space 65536K, 0% used [0x00000000c0000000,0x00000000c0000000,0x00000000c4000000)
 Metaspace       used 5437K, capacity 6448K, committed 6528K, reserved 1056768K
  class space    used 586K, capacity 616K, committed 640K, reserved 1048576K
Event: 2.622 GC heap after
Heap after GC invocations=1 (full 0):
 PSYoungGen      total 28672K, used 3525K [0x00000000eab00000, 0x00000000ecb00000, 0x0000000100000000)
  eden space 24576K, 0% used [0x00000000eab00000,0x00000000eab00000,0x00000000ec300000)
  from space 4096K, 86% used [0x00000000ec300000,0x00000000ec6714d0,0x00000000ec700000)
  to   space 4096K, 0% used [0x00000000ec700000,0x00000000ec700000,0x00000000ecb00000)
 ParOldGen       total 65536K, used 8K [0x00000000c0000000, 0x00000000c4000000, 0x00000000eab00000)
  object space 65536K, 0% used [0x00000000c0000000,0x00000000c0002000,0x00000000c4000000)
 Metaspace       used 5437K, capacity 6448K, committed 6528K, reserved 1056768K
  class space    used 586K, capacity 616K, committed 640K, reserved 1048576K
}

Deoptimization events (0 events):
No events

Internal exceptions (10 events):
Event: 2.168 Thread 0x0000000016ece800 Exception <a 'java/security/PrivilegedActionException'> (0x00000000ec2c5e50) thrown at [D:\re\workspace\8-2-build-windows-amd64-cygwin\jdk8u25\1677\hotspot\src\share\vm\prims\jvm.cpp, line 1312]
Event: 2.173 Thread 0x0000000017251000 Exception <a 'java/security/PrivilegedActionException'> (0x00000000ec1b6188) thrown at [D:\re\workspace\8-2-build-windows-amd64-cygwin\jdk8u25\1677\hotspot\src\share\vm\prims\jvm.cpp, line 1312]
Event: 2.173 Thread 0x000000000101d800 Exception <a 'java/security/PrivilegedActionException'> (0x00000000ebf68fb0) thrown at [D:\re\workspace\8-2-build-windows-amd64-cygwin\jdk8u25\1677\hotspot\src\share\vm\prims\jvm.cpp, line 1312]
Event: 2.174 Thread 0x0000000017251000 Exception <a 'java/security/PrivilegedActionException'> (0x00000000ec1bbb98) thrown at [D:\re\workspace\8-2-build-windows-amd64-cygwin\jdk8u25\1677\hotspot\src\share\vm\prims\jvm.cpp, line 1312]
Event: 2.175 Thread 0x0000000017251000 Exception <a 'java/security/PrivilegedActionException'> (0x00000000ec1c1298) thrown at [D:\re\workspace\8-2-build-windows-amd64-cygwin\jdk8u25\1677\hotspot\src\share\vm\prims\jvm.cpp, line 1312]
Event: 2.646 Thread 0x000000000101d800 Exception <a 'java/security/PrivilegedActionException'> (0x00000000eac94ce0) thrown at [D:\re\workspace\8-2-build-windows-amd64-cygwin\jdk8u25\1677\hotspot\src\share\vm\prims\jvm.cpp, line 1312]
Event: 2.662 Thread 0x0000000016e5f000 Exception <a 'java/security/PrivilegedActionException'> (0x00000000eac22810) thrown at [D:\re\workspace\8-2-build-windows-amd64-cygwin\jdk8u25\1677\hotspot\src\share\vm\prims\jvm.cpp, line 1312]
Event: 2.682 Thread 0x000000000101d800 Exception <a 'java/security/PrivilegedActionException'> (0x00000000eacd0210) thrown at [D:\re\workspace\8-2-build-windows-amd64-cygwin\jdk8u25\1677\hotspot\src\share\vm\prims\jvm.cpp, line 1312]
Event: 2.682 Thread 0x000000000101d800 Exception <a 'java/security/PrivilegedActionException'> (0x00000000eacd28b8) thrown at [D:\re\workspace\8-2-build-windows-amd64-cygwin\jdk8u25\1677\hotspot\src\share\vm\prims\jvm.cpp, line 1312]
Event: 3.147 Thread 0x000000000101d800 Exception <a 'java/security/PrivilegedActionException'> (0x00000000eb122c20) thrown at [D:\re\workspace\8-2-build-windows-amd64-cygwin\jdk8u25\1677\hotspot\src\share\vm\prims\jvm.cpp, line 1312]

Events (10 events):
Event: 2.662 loading class com/android/dx/dex/file/MethodAnnotationStruct
Event: 2.662 loading class com/android/dx/dex/file/MethodAnnotationStruct done
Event: 2.679 loading class java/util/ArrayList$1
Event: 2.679 loading class java/util/ArrayList$1 done
Event: 2.682 loading class com/android/dx/cf/attrib/AttLocalVariableTypeTable
Event: 2.682 loading class com/android/dx/cf/attrib/AttLocalVariableTypeTable done
Event: 2.682 loading class com/android/dx/cf/attrib/AttSignature
Event: 2.682 loading class com/android/dx/cf/attrib/AttSignature done
Event: 3.147 loading class com/android/dx/dex/file/FieldAnnotationStruct
Event: 3.147 loading class com/android/dx/dex/file/FieldAnnotationStruct done


Dynamic libraries:
0x00007ff726340000 - 0x00007ff726374000 	C:\Program Files\Java\jdk1.8.0_25\bin\java.exe
0x00007ff8f7fc0000 - 0x00007ff8f8181000 	C:\WINDOWS\SYSTEM32\ntdll.dll
0x00007ff8f6f80000 - 0x00007ff8f702d000 	C:\WINDOWS\system32\KERNEL32.DLL
0x00007ff8f4720000 - 0x00007ff8f4908000 	C:\WINDOWS\system32\KERNELBASE.dll
0x00007ff8f6bf0000 - 0x00007ff8f6c97000 	C:\WINDOWS\system32\ADVAPI32.dll
0x00007ff8f53e0000 - 0x00007ff8f547d000 	C:\WINDOWS\system32\msvcrt.dll
0x00007ff8f5630000 - 0x00007ff8f568b000 	C:\WINDOWS\system32\sechost.dll
0x00007ff8f6ca0000 - 0x00007ff8f6dbc000 	C:\WINDOWS\system32\RPCRT4.dll
0x00007ff8f7030000 - 0x00007ff8f7186000 	C:\WINDOWS\system32\USER32.dll
0x00007ff8f7430000 - 0x00007ff8f75b6000 	C:\WINDOWS\system32\GDI32.dll
0x00007ff8eaa10000 - 0x00007ff8eac84000 	C:\WINDOWS\WinSxS\amd64_microsoft.windows.common-controls_6595b64144ccf1df_6.0.10586.494_none_a2d8b04ea53e3145\COMCTL32.dll
0x00007ff8f75c0000 - 0x00007ff8f783d000 	C:\WINDOWS\system32\combase.dll
0x00007ff8f4c70000 - 0x00007ff8f4cda000 	C:\WINDOWS\system32\bcryptPrimitives.dll
0x00007ff8f7190000 - 0x00007ff8f71cb000 	C:\WINDOWS\system32\IMM32.DLL
0x00000000732d0000 - 0x00000000733a2000 	C:\Program Files\Java\jdk1.8.0_25\jre\bin\msvcr100.dll
0x0000000073750000 - 0x0000000073faa000 	C:\Program Files\Java\jdk1.8.0_25\jre\bin\server\jvm.dll
0x00007ff8f78b0000 - 0x00007ff8f78b8000 	C:\WINDOWS\system32\PSAPI.DLL
0x00007ff8e7740000 - 0x00007ff8e7749000 	C:\WINDOWS\SYSTEM32\WSOCK32.dll
0x00007ff8f7360000 - 0x00007ff8f73cb000 	C:\WINDOWS\system32\WS2_32.dll
0x00007ff8f2c00000 - 0x00007ff8f2c23000 	C:\WINDOWS\SYSTEM32\WINMM.dll
0x00007ff8f2ba0000 - 0x00007ff8f2bcc000 	C:\WINDOWS\SYSTEM32\WINMMBASE.dll
0x00007ff8f4c00000 - 0x00007ff8f4c43000 	C:\WINDOWS\system32\cfgmgr32.dll
0x0000000073740000 - 0x000000007374f000 	C:\Program Files\Java\jdk1.8.0_25\jre\bin\verify.dll
0x0000000073710000 - 0x0000000073738000 	C:\Program Files\Java\jdk1.8.0_25\jre\bin\java.dll
0x00000000736f0000 - 0x0000000073706000 	C:\Program Files\Java\jdk1.8.0_25\jre\bin\zip.dll
0x00007ff8f5690000 - 0x00007ff8f6bec000 	C:\WINDOWS\system32\SHELL32.dll
0x00007ff8f4ce0000 - 0x00007ff8f5325000 	C:\WINDOWS\system32\windows.storage.dll
0x00007ff8f73d0000 - 0x00007ff8f7422000 	C:\WINDOWS\system32\shlwapi.dll
0x00007ff8f4610000 - 0x00007ff8f461f000 	C:\WINDOWS\system32\kernel.appcore.dll
0x00007ff8f4b40000 - 0x00007ff8f4bf5000 	C:\WINDOWS\system32\shcore.dll
0x00007ff8f4620000 - 0x00007ff8f466b000 	C:\WINDOWS\system32\powrprof.dll
0x00007ff8f45f0000 - 0x00007ff8f4604000 	C:\WINDOWS\system32\profapi.dll
0x00007ff8e79e0000 - 0x00007ff8e7b6c000 	C:\WINDOWS\SYSTEM32\dbghelp.dll

VM Arguments:
jvm_args: -Djava.awt.headless=true -Xmx1024M -Dfile.encoding=windows-1252 -Duser.country=GB -Duser.language=en -Duser.variant 
java_command: com.android.dx.command.Main --dex --num-threads=4 --output D:\done-inci\CampusConnect17Dec-inci\PreviewDemo\app\build\intermediates\pre-dexed\debug\com.android.support-support-v4-23.4.0_4fbc8afb0ee1841eca28b12061e7e09963d95a85.jar D:\done-inci\CampusConnect17Dec-inci\PreviewDemo\app\build\intermediates\exploded-aar\com.android.support\support-v4\23.4.0\jars\classes.jar
java_class_path (initial): C:\Users\RK\AppData\Local\Android\sdk\build-tools\23.0.2\lib\dx.jar
Launcher Type: SUN_STANDARD

Environment Variables:
PATH=C:\ProgramData\Oracle\Java\javapath;C:\Program Files (x86)\Intel\iCLS Client\;C:\Program Files\Intel\iCLS Client\;C:\Program Files (x86)\AMD APP\bin\x86_64;C:\Program Files (x86)\AMD APP\bin\x86;C:\WINDOWS\system32;C:\WINDOWS;C:\WINDOWS\System32\Wbem;C:\WINDOWS\System32\WindowsPowerShell\v1.0\;C:\Program Files (x86)\Windows Live\Shared;C:\Program Files (x86)\ATI Technologies\ATI.ACE\Core-Static;C:\Program Files\Intel\Intel(R) Management Engine Components\DAL;C:\Program Files\Intel\Intel(R) Management Engine Components\IPT;C:\Program Files (x86)\Intel\Intel(R) Management Engine Components\DAL;C:\Program Files (x86)\Intel\Intel(R) Management Engine Components\IPT;C:\Program Files\Intel\WiFi\bin\;C:\Program Files\Common Files\Intel\WirelessCommon\;C:\Program Files (x86)\Windows Kits\8.1\Windows Performance Toolkit\;C:\Program Files (x86)\Microsoft SDKs\TypeScript\1.0\;C:\Program Files (x86)\Brackets\command;C:\Program Files\MATLAB\R2013a\runtime\win64;C:\Program Files\MATLAB\R2013a\bin;C:\Program Files (x86)\Calibre2\;C:\Program Files (x86)\Git\bin;C:\Program Files (x86)\Git\cmd;C:\Program Files (x86)\Skype\Phone\;C:\Anaconda2;C:\Anaconda2\Scripts;C:\Anaconda2\Library\bin;C:\Program Files\Microsoft Windows Performance Toolkit\;C:\Users\RK\AppData\Local\atom\bin;C:\Python27;C:\Python27\python.exe;C:\Python27\Scripts\;C:\Python27\Lib\site-packages\django\bin
USERNAME=RK
OS=Windows_NT
PROCESSOR_IDENTIFIER=Intel64 Family 6 Model 58 Stepping 9, GenuineIntel



---------------  S Y S T E M  ---------------

OS: Windows 8.1 , 64 bit Build 9600 

CPU:total 4 (2 cores per cpu, 2 threads per core) family 6 model 58 stepping 9, cmov, cx8, fxsr, mmx, sse, sse2, sse3, ssse3, sse4.1, sse4.2, popcnt, avx, aes, clmul, erms, ht, tsc, tscinvbit, tscinv

Memory: 4k page, physical 6185244k(583632k free), swap 6185244k(2044k free)

vm_info: Java HotSpot(TM) 64-Bit Server VM (25.25-b02) for windows-amd64 JRE (1.8.0_25-b18), built on Oct  7 2014 14:25:37 by "java_re" with MS VC++ 10.0 (VS2010)

time: Mon Sep 26 23:41:25 2016
elapsed time: 3 seconds (0d 0h 0m 3s)

